/usr/local/dev/python/lib/python2.7/site-packages/django/conf/urls/defaults.py:3: DeprecationWarning: django.conf.urls.defaults is deprecated; use django.conf.urls instead
  DeprecationWarning)

[02/Dec/2013 15:28:45] "GET /js/jigsaw.js HTTP/1.0" 304 0
[02/Dec/2013 15:28:45] "GET /js/jigsaw.dev.js HTTP/1.0" 304 0
[02/Dec/2013 15:28:45] "GET /ajax/map?id=main&type=map_pie&data={'data':%20[['%20',%20%20%20'%E9%9D%92%E6%B5%B7',%20%2029572,%20%20'%E6%B1%9F%E8%8B%8F',%20%20348086,%20%20'%E8%B4%B5%E5%B7%9E',%20%20185894,%20%20'%E5%8C%97%E4%BA%AC',%20%20328534,%20%20'%E5%B9%BF%E8%A5%BF',%20%20182291,%20%20'%E6%BE%B3%E9%97%A8',%20%20421,%20%20'%E5%B9%BF%E4%B8%9C',%20%20763951,%20%20'%E4%B8%8A%E6%B5%B7',%20%20195588,%20%20'%E6%B5%B7%E5%8D%97',%20%2064339,%20%20'%E7%94%98%E8%82%83',%20%2099982,%20%20'%E8%BE%BD%E5%AE%81',%20%20223607,%20%20'%E6%B1%9F%E8%A5%BF',%20%2081723,%20%20'%E5%AE%81%E5%A4%8F',%20%2045680,%20%20'%E7%A6%8F%E5%BB%BA',%20%20185433,%20%20'%E5%A4%A9%E6%B4%A5',%20%20157835,%20%20'%E6%B2%B3%E5%8C%97',%20%20271945,%20%20'%E5%B1%B1%E4%B8%9C',%20%20319590,%20%20'%E8%A5%BF%E8%97%8F',%20%202827,%20%20'%E5%90%89%E6%9E%97',%20%20109875,%20%20'%E9%BB%91%E9%BE%99%E6%B1%9F',%20%20149524,%20%20'%E6%B9%96%E5%8D%97',%20%20256302,%20%20'%E5%8F%B0%E6%B9%BE',%20%20724,%20%20'%E5%86%85%E8%92%99%E5%8F%A4',%20%20173437,%20%20'%E5%AE%89%E5%BE%BD',%20%20143577,%20%20'%E9%99%95%E8%A5%BF',%20%20284884,%20%20'%E5%B1%B1%E8%A5%BF',%20%20233803,%20%20'%E6%96%B0%E7%96%86',%20%20124961,%20%20'%E5%9B%9B%E5%B7%9D',%20%20396376,%20%20'%E9%87%8D%E5%BA%86',%20%20141244,%20%20'%E6%B9%96%E5%8C%97',%20%20237914,%20%20'%E6%B2%B3%E5%8D%97',%20%20240440,%20%20'%E6%B5%99%E6%B1%9F',%20%20167391,%20%20'%E4%BA%91%E5%8D%97',%20%20213461,],%20],'hinge':%20['%E4%B8%8A%E6%B5%B7','%E5%8C%97%E4%BA%AC','%E5%9B%9B%E5%B7%9D','%E5%B9%BF%E4%B8%9C'],'title':%20'B2C%20PV'}&callback=jQuery19103421546712052077_1385969308768&_=1385969308769 HTTP/1.0" 301 0
[02/Dec/2013 15:28:45] "GET /ajax/map/?id=main&type=map_pie&data=%7B'data':%20[['%20',%20%20%20'%E9%9D%92%E6%B5%B7',%20%2029572,%20%20'%E6%B1%9F%E8%8B%8F',%20%20348086,%20%20'%E8%B4%B5%E5%B7%9E',%20%20185894,%20%20'%E5%8C%97%E4%BA%AC',%20%20328534,%20%20'%E5%B9%BF%E8%A5%BF',%20%20182291,%20%20'%E6%BE%B3%E9%97%A8',%20%20421,%20%20'%E5%B9%BF%E4%B8%9C',%20%20763951,%20%20'%E4%B8%8A%E6%B5%B7',%20%20195588,%20%20'%E6%B5%B7%E5%8D%97',%20%2064339,%20%20'%E7%94%98%E8%82%83',%20%2099982,%20%20'%E8%BE%BD%E5%AE%81',%20%20223607,%20%20'%E6%B1%9F%E8%A5%BF',%20%2081723,%20%20'%E5%AE%81%E5%A4%8F',%20%2045680,%20%20'%E7%A6%8F%E5%BB%BA',%20%20185433,%20%20'%E5%A4%A9%E6%B4%A5',%20%20157835,%20%20'%E6%B2%B3%E5%8C%97',%20%20271945,%20%20'%E5%B1%B1%E4%B8%9C',%20%20319590,%20%20'%E8%A5%BF%E8%97%8F',%20%202827,%20%20'%E5%90%89%E6%9E%97',%20%20109875,%20%20'%E9%BB%91%E9%BE%99%E6%B1%9F',%20%20149524,%20%20'%E6%B9%96%E5%8D%97',%20%20256302,%20%20'%E5%8F%B0%E6%B9%BE',%20%20724,%20%20'%E5%86%85%E8%92%99%E5%8F%A4',%20%20173437,%20%20'%E5%AE%89%E5%BE%BD',%20%20143577,%20%20'%E9%99%95%E8%A5%BF',%20%20284884,%20%20'%E5%B1%B1%E8%A5%BF',%20%20233803,%20%20'%E6%96%B0%E7%96%86',%20%20124961,%20%20'%E5%9B%9B%E5%B7%9D',%20%20396376,%20%20'%E9%87%8D%E5%BA%86',%20%20141244,%20%20'%E6%B9%96%E5%8C%97',%20%20237914,%20%20'%E6%B2%B3%E5%8D%97',%20%20240440,%20%20'%E6%B5%99%E6%B1%9F',%20%20167391,%20%20'%E4%BA%91%E5%8D%97',%20%20213461,],%20],'hinge':%20['%E4%B8%8A%E6%B5%B7','%E5%8C%97%E4%BA%AC','%E5%9B%9B%E5%B7%9D','%E5%B9%BF%E4%B8%9C'],'title':%20'B2C%20PV'%7D&callback=jQuery19103421546712052077_1385969308768&_=1385969308769 HTTP/1.0" 200 5616
[02/Dec/2013 15:28:45] "GET /echarts/src/echarts.js HTTP/1.0" 304 0
[02/Dec/2013 15:28:45] "GET /echarts/src/chart/pie.js HTTP/1.0" 304 0
[02/Dec/2013 15:28:45] "GET /echarts/src/chart/map.js HTTP/1.0" 304 0
[02/Dec/2013 15:28:45] "GET /zrender/src/tool/util.js HTTP/1.0" 304 0
[02/Dec/2013 15:28:45] "GET /zrender/src/tool/color.js HTTP/1.0" 304 0
[02/Dec/2013 15:28:45] "GET /echarts/src/component.js HTTP/1.0" 304 0
[02/Dec/2013 15:28:45] "GET /echarts/src/chart.js HTTP/1.0" 304 0
[02/Dec/2013 15:28:45] "GET /echarts/src/util/ecData.js HTTP/1.0" 304 0
[02/Dec/2013 15:28:45] "GET /echarts/src/component/polar.js HTTP/1.0" 304 0
[02/Dec/2013 15:28:45] "GET /echarts/src/component/dataView.js HTTP/1.0" 304 0
[02/Dec/2013 15:28:45] "GET /echarts/src/component/toolbox.js HTTP/1.0" 304 0
[02/Dec/2013 15:28:45] "GET /echarts/src/component/tooltip.js HTTP/1.0" 304 0
[02/Dec/2013 15:28:45] "GET /echarts/src/component/dataRange.js HTTP/1.0" 304 0
[02/Dec/2013 15:28:45] "GET /echarts/src/component/legend.js HTTP/1.0" 304 0
[02/Dec/2013 15:28:45] "GET /echarts/src/component/dataZoom.js HTTP/1.0" 304 0
[02/Dec/2013 15:28:45] "GET /echarts/src/component/grid.js HTTP/1.0" 304 0
[02/Dec/2013 15:28:45] "GET /echarts/src/component/valueAxis.js HTTP/1.0" 304 0
[02/Dec/2013 15:28:45] "GET /echarts/src/component/axis.js HTTP/1.0" 304 0
[02/Dec/2013 15:28:45] "GET /echarts/src/component/categoryAxis.js HTTP/1.0" 304 0
[02/Dec/2013 15:28:45] "GET /echarts/src/component/title.js HTTP/1.0" 304 0
[02/Dec/2013 15:28:45] "GET /echarts/src/chart/island.js HTTP/1.0" 304 0
[02/Dec/2013 15:28:45] "GET /echarts/src/util/shape/icon.js HTTP/1.0" 304 0
[02/Dec/2013 15:28:45] "GET /zrender/src/config.js HTTP/1.0" 304 0
[02/Dec/2013 15:28:45] "GET /zrender/src/tool/event.js HTTP/1.0" 304 0
[02/Dec/2013 15:28:45] "GET /zrender/src/zrender.js HTTP/1.0" 304 0
[02/Dec/2013 15:28:45] "GET /echarts/src/util/accMath.js HTTP/1.0" 304 0
[02/Dec/2013 15:28:45] "GET /echarts/src/config.js HTTP/1.0" 304 0
[02/Dec/2013 15:28:45] "GET /zrender/src/tool/math.js HTTP/1.0" 304 0
[02/Dec/2013 15:28:45] "GET /echarts/src/chart/calculableBase.js HTTP/1.0" 304 0
[02/Dec/2013 15:28:45] "GET /echarts/src/component/base.js HTTP/1.0" 304 0
[02/Dec/2013 15:28:45] "GET /echarts/src/util/mapData/textFixed.js HTTP/1.0" 304 0
[02/Dec/2013 15:28:45] "GET /zrender/src/lib/excanvas.js HTTP/1.0" 304 0
[02/Dec/2013 15:28:45] "GET /echarts/src/util/mapData/params.js HTTP/1.0" 304 0
[02/Dec/2013 15:28:45] "GET /zrender/src/tool/vector.js HTTP/1.0" 304 0
[02/Dec/2013 15:28:45] "GET /echarts/src/util/coordinates.js HTTP/1.0" 304 0
[02/Dec/2013 15:28:45] "GET /zrender/src/shape.js HTTP/1.0" 304 0
[02/Dec/2013 15:28:45] "GET /zrender/src/tool/area.js HTTP/1.0" 304 0
[02/Dec/2013 15:28:45] "GET /zrender/src/shape/base.js HTTP/1.0" 304 0
[02/Dec/2013 15:28:45] "GET /zrender/src/tool/matrix.js HTTP/1.0" 304 0
[02/Dec/2013 15:28:45] "GET /zrender/src/animation/animation.js HTTP/1.0" 304 0
[02/Dec/2013 15:28:45] "GET /zrender/src/tool/loadingEffect.js HTTP/1.0" 304 0
[02/Dec/2013 15:28:45] "GET /zrender/src/shape/isogon.js HTTP/1.0" 304 0
[02/Dec/2013 15:28:45] "GET /zrender/src/shape/star.js HTTP/1.0" 304 0
[02/Dec/2013 15:28:45] "GET /zrender/src/shape/beziercurve.js HTTP/1.0" 304 0
[02/Dec/2013 15:28:45] "GET /zrender/src/shape/image.js HTTP/1.0" 304 0
[02/Dec/2013 15:28:45] "GET /zrender/src/shape/path.js HTTP/1.0" 304 0
[02/Dec/2013 15:28:45] "GET /zrender/src/shape/droplet.js HTTP/1.0" 304 0
[02/Dec/2013 15:28:46] "GET /zrender/src/shape/heart.js HTTP/1.0" 304 0
[02/Dec/2013 15:28:46] "GET /zrender/src/shape/text.js HTTP/1.0" 304 0
[02/Dec/2013 15:28:46] "GET /zrender/src/shape/sector.js HTTP/1.0" 304 0
[02/Dec/2013 15:28:46] "GET /zrender/src/shape/rectangle.js HTTP/1.0" 304 0
[02/Dec/2013 15:28:46] "GET /zrender/src/shape/brokenLine.js HTTP/1.0" 304 0
[02/Dec/2013 15:28:46] "GET /zrender/src/shape/line.js HTTP/1.0" 304 0
[02/Dec/2013 15:28:46] "GET /zrender/src/shape/ellipse.js HTTP/1.0" 304 0
[02/Dec/2013 15:28:46] "GET /zrender/src/shape/polygon.js HTTP/1.0" 304 0
[02/Dec/2013 15:28:46] "GET /zrender/src/shape/circle.js HTTP/1.0" 304 0
[02/Dec/2013 15:28:46] "GET /zrender/src/animation/clip.js HTTP/1.0" 304 0
[02/Dec/2013 15:28:46] "GET /zrender/src/animation/easing.js HTTP/1.0" 304 0
[02/Dec/2013 15:28:46] "GET /zrender/src/shape/ring.js HTTP/1.0" 304 0
[02/Dec/2013 15:28:46] "GET /echarts/src/util/mapData/china/0.js HTTP/1.0" 304 0
[02/Dec/2013 15:29:26] "GET /js/jigsaw.js HTTP/1.0" 304 0
[02/Dec/2013 15:29:26] "GET /js/jigsaw.dev.js HTTP/1.0" 304 0
[02/Dec/2013 15:29:27] "GET /ajax/map?id=main&type=map_pie&data={'data':%20[['%20',%20%20%20'%E9%9D%92%E6%B5%B7',%20%2029572,%20%20'%E6%B1%9F%E8%8B%8F',%20%20348086,%20%20'%E8%B4%B5%E5%B7%9E',%20%20185894,%20%20'%E5%8C%97%E4%BA%AC',%20%20328534,%20%20'%E5%B9%BF%E8%A5%BF',%20%20182291,%20%20'%E6%BE%B3%E9%97%A8',%20%20421,%20%20'%E5%B9%BF%E4%B8%9C',%20%20763951,%20%20'%E4%B8%8A%E6%B5%B7',%20%20195588,%20%20'%E6%B5%B7%E5%8D%97',%20%2064339,%20%20'%E7%94%98%E8%82%83',%20%2099982,%20%20'%E8%BE%BD%E5%AE%81',%20%20223607,%20%20'%E6%B1%9F%E8%A5%BF',%20%2081723,%20%20'%E5%AE%81%E5%A4%8F',%20%2045680,%20%20'%E7%A6%8F%E5%BB%BA',%20%20185433,%20%20'%E5%A4%A9%E6%B4%A5',%20%20157835,%20%20'%E6%B2%B3%E5%8C%97',%20%20271945,%20%20'%E5%B1%B1%E4%B8%9C',%20%20319590,%20%20'%E8%A5%BF%E8%97%8F',%20%202827,%20%20'%E5%90%89%E6%9E%97',%20%20109875,%20%20'%E9%BB%91%E9%BE%99%E6%B1%9F',%20%20149524,%20%20'%E6%B9%96%E5%8D%97',%20%20256302,%20%20'%E5%8F%B0%E6%B9%BE',%20%20724,%20%20'%E5%86%85%E8%92%99%E5%8F%A4',%20%20173437,%20%20'%E5%AE%89%E5%BE%BD',%20%20143577,%20%20'%E9%99%95%E8%A5%BF',%20%20284884,%20%20'%E5%B1%B1%E8%A5%BF',%20%20233803,%20%20'%E6%96%B0%E7%96%86',%20%20124961,%20%20'%E5%9B%9B%E5%B7%9D',%20%20396376,%20%20'%E9%87%8D%E5%BA%86',%20%20141244,%20%20'%E6%B9%96%E5%8C%97',%20%20237914,%20%20'%E6%B2%B3%E5%8D%97',%20%20240440,%20%20'%E6%B5%99%E6%B1%9F',%20%20167391,%20%20'%E4%BA%91%E5%8D%97',%20%20213461,],%20],'hinge':%20['%E4%B8%8A%E6%B5%B7','%E5%8C%97%E4%BA%AC','%E5%9B%9B%E5%B7%9D','%E5%B9%BF%E4%B8%9C'],'title':%20'B2C%20PV'}&callback=jQuery191025866644247435033_1385969350744&_=1385969350745 HTTP/1.0" 301 0
Validating models...

0 errors found
December 02, 2013 - 13:52:52
Django version 1.5.1, using settings 'jigsaw.settings'
Development server is running at http://0.0.0.0:9988/
Quit the server with CONTROL-C.
{'data': [[' ',   '青海',  29572,  '江苏',  348086,  '贵州',  185894,  '北京',  328534,  '广西',  182291,  '澳门',  421,  '广东',  763951,  '上海',  195588,  '海南',  64339,  '甘肃',  99982,  '辽宁',  223607,  '江西',  81723,  '宁夏',  45680,  '福建',  185433,  '天津',  157835,  '河北',  271945,  '山东',  319590,  '西藏',  2827,  '吉林',  109875,  '黑龙江',  149524,  '湖南',  256302,  '台湾',  724,  '内蒙古',  173437,  '安徽',  143577,  '陕西',  284884,  '山西',  233803,  '新疆',  124961,  '四川',  396376,  '重庆',  141244,  '湖北',  237914,  '河南',  240440,  '浙江',  167391,  '云南',  213461,], ],'hinge': ['上海','北京','四川','广东'],'title': 'B2C PV'}
{'hinge': ['\xe4\xb8\x8a\xe6\xb5\xb7', '\xe5\x8c\x97\xe4\xba\xac', '\xe5\x9b\x9b\xe5\xb7\x9d', '\xe5\xb9\xbf\xe4\xb8\x9c'], 'data': [[' ', '\xe9\x9d\x92\xe6\xb5\xb7', 29572, '\xe6\xb1\x9f\xe8\x8b\x8f', 348086, '\xe8\xb4\xb5\xe5\xb7\x9e', 185894, '\xe5\x8c\x97\xe4\xba\xac', 328534, '\xe5\xb9\xbf\xe8\xa5\xbf', 182291, '\xe6\xbe\xb3\xe9\x97\xa8', 421, '\xe5\xb9\xbf\xe4\xb8\x9c', 763951, '\xe4\xb8\x8a\xe6\xb5\xb7', 195588, '\xe6\xb5\xb7\xe5\x8d\x97', 64339, '\xe7\x94\x98\xe8\x82\x83', 99982, '\xe8\xbe\xbd\xe5\xae\x81', 223607, '\xe6\xb1\x9f\xe8\xa5\xbf', 81723, '\xe5\xae\x81\xe5\xa4\x8f', 45680, '\xe7\xa6\x8f\xe5\xbb\xba', 185433, '\xe5\xa4\xa9\xe6\xb4\xa5', 157835, '\xe6\xb2\xb3\xe5\x8c\x97', 271945, '\xe5\xb1\xb1\xe4\xb8\x9c', 319590, '\xe8\xa5\xbf\xe8\x97\x8f', 2827, '\xe5\x90\x89\xe6\x9e\x97', 109875, '\xe9\xbb\x91\xe9\xbe\x99\xe6\xb1\x9f', 149524, '\xe6\xb9\x96\xe5\x8d\x97', 256302, '\xe5\x8f\xb0\xe6\xb9\xbe', 724, '\xe5\x86\x85\xe8\x92\x99\xe5\x8f\xa4', 173437, '\xe5\xae\x89\xe5\xbe\xbd', 143577, '\xe9\x99\x95\xe8\xa5\xbf', 284884, '\xe5\xb1\xb1\xe8\xa5\xbf', 233803, '\xe6\x96\xb0\xe7\x96\x86', 124961, '\xe5\x9b\x9b\xe5\xb7\x9d', 396376, '\xe9\x87\x8d\xe5\xba\x86', 141244, '\xe6\xb9\x96\xe5\x8c\x97', 237914, '\xe6\xb2\xb3\xe5\x8d\x97', 240440, '\xe6\xb5\x99\xe6\xb1\x9f', 167391, '\xe4\xba\x91\xe5\x8d\x97', 213461]], 'title': 'B2C PV'}
{'data': [[' ',   '青海',  29572,  '江苏',  348086,  '贵州',  185894,  '北京',  328534,  '广西',  182291,  '澳门',  421,  '广东',  763951,  '上海',  195588,  '海南',  64339,  '甘肃',  99982,  '辽宁',  223607,  '江西',  81723,  '宁夏',  45680,  '福建',  185433,  '天津',  157835,  '河北',  271945,  '山东',  319590,  '西藏',  2827,  '吉林',  109875,  '黑龙江',  149524,  '湖南',  256302,  '台湾',  724,  '内蒙古',  173437,  '安徽',  143577,  '陕西',  284884,  '山西',  233803,  '新疆',  124961,  '四川',  396376,  '重庆',  141244,  '湖北',  237914,  '河南',  240440,  '浙江',  167391,  '云南',  213461,], ],'hinge': ['上海','北京','四川','广东'],'title': 'B2C PV'}
{'hinge': ['\xe4\xb8\x8a\xe6\xb5\xb7', '\xe5\x8c\x97\xe4\xba\xac', '\xe5\x9b\x9b\xe5\xb7\x9d', '\xe5\xb9\xbf\xe4\xb8\x9c'], 'data': [[' ', '\xe9\x9d\x92\xe6\xb5\xb7', 29572, '\xe6\xb1\x9f\xe8\x8b\x8f', 348086, '\xe8\xb4\xb5\xe5\xb7\x9e', 185894, '\xe5\x8c\x97\xe4\xba\xac', 328534, '\xe5\xb9\xbf\xe8\xa5\xbf', 182291, '\xe6\xbe\xb3\xe9\x97\xa8', 421, '\xe5\xb9\xbf\xe4\xb8\x9c', 763951, '\xe4\xb8\x8a\xe6\xb5\xb7', 195588, '\xe6\xb5\xb7\xe5\x8d\x97', 64339, '\xe7\x94\x98\xe8\x82\x83', 99982, '\xe8\xbe\xbd\xe5\xae\x81', 223607, '\xe6\xb1\x9f\xe8\xa5\xbf', 81723, '\xe5\xae\x81\xe5\xa4\x8f', 45680, '\xe7\xa6\x8f\xe5\xbb\xba', 185433, '\xe5\xa4\xa9\xe6\xb4\xa5', 157835, '\xe6\xb2\xb3\xe5\x8c\x97', 271945, '\xe5\xb1\xb1\xe4\xb8\x9c', 319590, '\xe8\xa5\xbf\xe8\x97\x8f', 2827, '\xe5\x90\x89\xe6\x9e\x97', 109875, '\xe9\xbb\x91\xe9\xbe\x99\xe6\xb1\x9f', 149524, '\xe6\xb9\x96\xe5\x8d\x97', 256302, '\xe5\x8f\xb0\xe6\xb9\xbe', 724, '\xe5\x86\x85\xe8\x92\x99\xe5\x8f\xa4', 173437, '\xe5\xae\x89\xe5\xbe\xbd', 143577, '\xe9\x99\x95\xe8\xa5\xbf', 284884, [02/Dec/2013 15:29:27] "GET /ajax/map/?id=main&type=map_pie&data=%7B'data':%20[['%20',%20%20%20'%E9%9D%92%E6%B5%B7',%20%2029572,%20%20'%E6%B1%9F%E8%8B%8F',%20%20348086,%20%20'%E8%B4%B5%E5%B7%9E',%20%20185894,%20%20'%E5%8C%97%E4%BA%AC',%20%20328534,%20%20'%E5%B9%BF%E8%A5%BF',%20%20182291,%20%20'%E6%BE%B3%E9%97%A8',%20%20421,%20%20'%E5%B9%BF%E4%B8%9C',%20%20763951,%20%20'%E4%B8%8A%E6%B5%B7',%20%20195588,%20%20'%E6%B5%B7%E5%8D%97',%20%2064339,%20%20'%E7%94%98%E8%82%83',%20%2099982,%20%20'%E8%BE%BD%E5%AE%81',%20%20223607,%20%20'%E6%B1%9F%E8%A5%BF',%20%2081723,%20%20'%E5%AE%81%E5%A4%8F',%20%2045680,%20%20'%E7%A6%8F%E5%BB%BA',%20%20185433,%20%20'%E5%A4%A9%E6%B4%A5',%20%20157835,%20%20'%E6%B2%B3%E5%8C%97',%20%20271945,%20%20'%E5%B1%B1%E4%B8%9C',%20%20319590,%20%20'%E8%A5%BF%E8%97%8F',%20%202827,%20%20'%E5%90%89%E6%9E%97',%20%20109875,%20%20'%E9%BB%91%E9%BE%99%E6%B1%9F',%20%20149524,%20%20'%E6%B9%96%E5%8D%97',%20%20256302,%20%20'%E5%8F%B0%E6%B9%BE',%20%20724,%20%20'%E5%86%85%E8%92%99%E5%8F%A4',%20%20173437,%20%20'%E5%AE%89%E5%BE%BD',%20%20143577,%20%20'%E9%99%95%E8%A5%BF',%20%20284884,%20%20'%E5%B1%B1%E8%A5%BF',%20%20233803,%20%20'%E6%96%B0%E7%96%86',%20%20124961,%20%20'%E5%9B%9B%E5%B7%9D',%20%20396376,%20%20'%E9%87%8D%E5%BA%86',%20%20141244,%20%20'%E6%B9%96%E5%8C%97',%20%20237914,%20%20'%E6%B2%B3%E5%8D%97',%20%20240440,%20%20'%E6%B5%99%E6%B1%9F',%20%20167391,%20%20'%E4%BA%91%E5%8D%97',%20%20213461,],%20],'hinge':%20['%E4%B8%8A%E6%B5%B7','%E5%8C%97%E4%BA%AC','%E5%9B%9B%E5%B7%9D','%E5%B9%BF%E4%B8%9C'],'title':%20'B2C%20PV'%7D&callback=jQuery191025866644247435033_1385969350744&_=1385969350745 HTTP/1.0" 200 5617
[02/Dec/2013 15:30:27] "GET /js/jigsaw.js HTTP/1.0" 304 0
[02/Dec/2013 15:30:27] "GET /js/jigsaw.dev.js HTTP/1.0" 304 0
[02/Dec/2013 15:30:28] "GET /ajax/map?id=main&type=map_pie&data={'data':%20[['%20',%20%20%20'%E9%9D%92%E6%B5%B7',%20%2029572,%20%20'%E6%B1%9F%E8%8B%8F',%20%20348086,%20%20'%E8%B4%B5%E5%B7%9E',%20%20185894,%20%20'%E5%8C%97%E4%BA%AC',%20%20328534,%20%20'%E5%B9%BF%E8%A5%BF',%20%20182291,%20%20'%E6%BE%B3%E9%97%A8',%20%20421,%20%20'%E5%B9%BF%E4%B8%9C',%20%20763951,%20%20'%E4%B8%8A%E6%B5%B7',%20%20195588,%20%20'%E6%B5%B7%E5%8D%97',%20%2064339,%20%20'%E7%94%98%E8%82%83',%20%2099982,%20%20'%E8%BE%BD%E5%AE%81',%20%20223607,%20%20'%E6%B1%9F%E8%A5%BF',%20%2081723,%20%20'%E5%AE%81%E5%A4%8F',%20%2045680,%20%20'%E7%A6%8F%E5%BB%BA',%20%20185433,%20%20'%E5%A4%A9%E6%B4%A5',%20%20157835,%20%20'%E6%B2%B3%E5%8C%97',%20%20271945,%20%20'%E5%B1%B1%E4%B8%9C',%20%20319590,%20%20'%E8%A5%BF%E8%97%8F',%20%202827,%20%20'%E5%90%89%E6%9E%97',%20%20109875,%20%20'%E9%BB%91%E9%BE%99%E6%B1%9F',%20%20149524,%20%20'%E6%B9%96%E5%8D%97',%20%20256302,%20%20'%E5%8F%B0%E6%B9%BE',%20%20724,%20%20'%E5%86%85%E8%92%99%E5%8F%A4',%20%20173437,%20%20'%E5%AE%89%E5%BE%BD',%20%20143577,%20%20'%E9%99%95%E8%A5%BF',%20%20284884,%20%20'%E5%B1%B1%E8%A5%BF',%20%20233803,%20%20'%E6%96%B0%E7%96%86',%20%20124961,%20%20'%E5%9B%9B%E5%B7%9D',%20%20396376,%20%20'%E9%87%8D%E5%BA%86',%20%20141244,%20%20'%E6%B9%96%E5%8C%97',%20%20237914,%20%20'%E6%B2%B3%E5%8D%97',%20%20240440,%20%20'%E6%B5%99%E6%B1%9F',%20%20167391,%20%20'%E4%BA%91%E5%8D%97',%20%20213461,],%20],'hinge':%20['%E4%B8%8A%E6%B5%B7','%E5%8C%97%E4%BA%AC','%E5%9B%9B%E5%B7%9D','%E5%B9%BF%E4%B8%9C'],'title':%20'B2C%20PV'}&callback=jQuery1910690131297102198_1385969411506&_=1385969411507 HTTP/1.0" 301 0
[02/Dec/2013 15:30:28] "GET /ajax/map/?id=main&type=map_pie&data=%7B'data':%20[['%20',%20%20%20'%E9%9D%92%E6%B5%B7',%20%2029572,%20%20'%E6%B1%9F%E8%8B%8F',%20%20348086,%20%20'%E8%B4%B5%E5%B7%9E',%20%20185894,%20%20'%E5%8C%97%E4%BA%AC',%20%20328534,%20%20'%E5%B9%BF%E8%A5%BF',%20%20182291,%20%20'%E6%BE%B3%E9%97%A8',%20%20421,%20%20'%E5%B9%BF%E4%B8%9C',%20%20763951,%20%20'%E4%B8%8A%E6%B5%B7',%20%20195588,%20%20'%E6%B5%B7%E5%8D%97',%20%2064339,%20%20'%E7%94%98%E8%82%83',%20%2099982,%20%20'%E8%BE%BD%E5%AE%81',%20%20223607,%20%20'%E6%B1%9F%E8%A5%BF',%20%2081723,%20%20'%E5%AE%81%E5%A4%8F',%20%2045680,%20%20'%E7%A6%8F%E5%BB%BA',%20%20185433,%20%20'%E5%A4%A9%E6%B4%A5',%20%20157835,%20%20'%E6%B2%B3%E5%8C%97',%20%20271945,%20%20'%E5%B1%B1%E4%B8%9C',%20%20319590,%20%20'%E8%A5%BF%E8%97%8F',%20%202827,%20%20'%E5%90%89%E6%9E%97',%20%20109875,%20%20'%E9%BB%91%E9%BE%99%E6%B1%9F',%20%20149524,%20%20'%E6%B9%96%E5%8D%97',%20%20256302,%20%20'%E5%8F%B0%E6%B9%BE',%20%20724,%20%20'%E5%86%85%E8%92%99%E5%8F%A4',%20%20173437,%20%20'%E5%AE%89%E5%BE%BD',%20%20143577,%20%20'%E9%99%95%E8%A5%BF',%20%20284884,%20%20'%E5%B1%B1%E8%A5%BF',%20%20233803,%20%20'%E6%96%B0%E7%96%86',%20%20124961,%20%20'%E5%9B%9B%E5%B7%9D',%20%20396376,%20%20'%E9%87%8D%E5%BA%86',%20%20141244,%20%20'%E6%B9%96%E5%8C%97',%20%20237914,%20%20'%E6%B2%B3%E5%8D%97',%20%20240440,%20%20'%E6%B5%99%E6%B1%9F',%20%20167391,%20%20'%E4%BA%91%E5%8D%97',%20%20213461,],%20],'hinge':%20['%E4%B8%8A%E6%B5%B7','%E5%8C%97%E4%BA%AC','%E5%9B%9B%E5%B7%9D','%E5%B9%BF%E4%B8%9C'],'title':%20'B2C%20PV'%7D&callback=jQuery1910690131297102198_1385969411506&_=1385969411507 HTTP/1.0" 200 5615
[02/Dec/2013 15:31:28] "GET /js/jigsaw.js HTTP/1.0" 304 0
[02/Dec/2013 15:31:28] "GET /js/jigsaw.dev.js HTTP/1.0" 304 0
[02/Dec/2013 15:31:29] "GET /ajax/map?id=main&type=map_pie&data={'data':%20[['%20',%20%20%20'%E9%9D%92%E6%B5%B7',%20%2029572,%20%20'%E6%B1%9F%E8%8B%8F',%20%20348086,%20%20'%E8%B4%B5%E5%B7%9E',%20%20185894,%20%20'%E5%8C%97%E4%BA%AC',%20%20328534,%20%20'%E5%B9%BF%E8%A5%BF',%20%20182291,%20%20'%E6%BE%B3%E9%97%A8',%20%20421,%20%20'%E5%B9%BF%E4%B8%9C',%20%20763951,%20%20'%E4%B8%8A%E6%B5%B7',%20%20195588,%20%20'%E6%B5%B7%E5%8D%97',%20%2064339,%20%20'%E7%94%98%E8%82%83',%20%2099982,%20%20'%E8%BE%BD%E5%AE%81',%20%20223607,%20%20'%E6%B1%9F%E8%A5%BF',%20%2081723,%20%20'%E5%AE%81%E5%A4%8F',%20%2045680,%20%20'%E7%A6%8F%E5%BB%BA',%20%20185433,%20%20'%E5%A4%A9%E6%B4%A5',%20%20157835,%20%20'%E6%B2%B3%E5%8C%97',%20%20271945,%20%20'%E5%B1%B1%E4%B8%9C',%20%20319590,%20%20'%E8%A5%BF%E8%97%8F',%20%202827,%20%20'%E5%90%89%E6%9E%97',%20%20109875,%20%20'%E9%BB%91%E9%BE%99%E6%B1%9F',%20%20149524,%20%20'%E6%B9%96%E5%8D%97',%20%20256302,%20%20'%E5%8F%B0%E6%B9%BE',%20%20724,%20%20'%E5%86%85%E8%92%99%E5%8F%A4',%20%20173437,%20%20'%E5%AE%89%E5%BE%BD',%20%20143577,%20%20'%E9%99%95%E8%A5%BF',%20%20284884,%20%20'%E5%B1%B1%E8%A5%BF',%20%20233803,%20%20'%E6%96%B0%E7%96%86',%20%20124961,%20%20'%E5%9B%9B%E5%B7%9D',%20%20396376,%20%20'%E9%87%8D%E5%BA%86',%20%20141244,%20%20'%E6%B9%96%E5%8C%97',%20%20237914,%20%20'%E6%B2%B3%E5%8D%97',%20%20240440,%20%20'%E6%B5%99%E6%B1%9F',%20%20167391,%20%20'%E4%BA%91%E5%8D%97',%20%20213461,],%20],'hinge':%20['%E4%B8%8A%E6%B5%B7','%E5%8C%97%E4%BA%AC','%E5%9B%9B%E5%B7%9D','%E5%B9%BF%E4%B8%9C'],'title':%20'B2C%20PV'}&callback=jQuery191017043065186589956_1385969472479&_=1385969472480 HTTP/1.0" 301 0
'\xe5\xb1\xb1\xe8\xa5\xbf', 233803, '\xe6\x96\xb0\xe7\x96\x86', 124961, '\xe5\x9b\x9b\xe5\xb7\x9d', 396376, '\xe9\x87\x8d\xe5\xba\x86', 141244, '\xe6\xb9\x96\xe5\x8c\x97', 237914, '\xe6\xb2\xb3\xe5\x8d\x97', 240440, '\xe6\xb5\x99\xe6\xb1\x9f', 167391, '\xe4\xba\x91\xe5\x8d\x97', 213461]], 'title': 'B2C PV'}
{'data': [[' ',   '青海',  29572,  '江苏',  348086,  '贵州',  185894,  '北京',  328534,  '广西',  182291,  '澳门',  421,  '广东',  763951,  '上海',  195588,  '海南',  64339,  '甘肃',  99982,  '辽宁',  223607,  '江西',  81723,  '宁夏',  45680,  '福建',  185433,  '天津',  157835,  '河北',  271945,  '山东',  319590,  '西藏',  2827,  '吉林',  109875,  '黑龙江',  149524,  '湖南',  256302,  '台湾',  724,  '内蒙古',  173437,  '安徽',  143577,  '陕西',  284884,  '山西',  233803,  '新疆',  124961,  '四川',  396376,  '重庆',  141244,  '湖北',  237914,  '河南',  240440,  '浙江',  167391,  '云南',  213461,], ],'hinge': ['上海','北京','四川','广东'],'title': 'B2C PV'}
{'hinge': ['\xe4\xb8\x8a\xe6\xb5\xb7', '\xe5\x8c\x97\xe4\xba\xac', '\xe5\x9b\x9b\xe5\xb7\x9d', '\xe5\xb9\xbf\xe4\xb8\x9c'], 'data': [[' ', '\xe9\x9d\x92\xe6\xb5\xb7', 29572, '\xe6\xb1\x9f\xe8\x8b\x8f', 348086, '\xe8\xb4\xb5\xe5\xb7\x9e', 185894, '\xe5\x8c\x97\xe4\xba\xac', 328534, '\xe5\xb9\xbf\xe8\xa5\xbf', 182291, '\xe6\xbe\xb3\xe9\x97\xa8', 421, '\xe5\xb9\xbf\xe4\xb8\x9c', 763951, '\xe4\xb8\x8a\xe6\xb5\xb7', 195588, '\xe6\xb5\xb7\xe5\x8d\x97', 64339, '\xe7\x94\x98\xe8\x82\x83', 99982, '\xe8\xbe\xbd\xe5\xae\x81', 223607, '\xe6\xb1\x9f\xe8\xa5\xbf', 81723, '\xe5\xae\x81\xe5\xa4\x8f', 45680, '\xe7\xa6\x8f\xe5\xbb\xba', 185433, '\xe5\xa4\xa9\xe6\xb4\xa5', 157835, '\xe6\xb2\xb3\xe5\x8c\x97', 271945, '\xe5\xb1\xb1\xe4\xb8\x9c', 319590, '\xe8\xa5\xbf\xe8\x97\x8f', 2827, '\xe5\x90\x89\xe6\x9e\x97', 109875, '\xe9\xbb\x91\xe9\xbe\x99\xe6\xb1\x9f', 149524, '\xe6\xb9\x96\xe5\x8d\x97', 256302, '\xe5\x8f\xb0\xe6\xb9\xbe', 724, '\xe5\x86\x85\xe8\x92\x99\xe5\x8f\xa4', 173437, '\xe5\xae\x89\xe5\xbe\xbd', 143577, '\xe9\x99\x95\xe8\xa5\xbf', 284884, '\xe5\xb1\xb1\xe8\xa5\xbf', 233803, '\xe6\x96\xb0\xe7\x96\x86', 124961, '\xe5\x9b\x9b\xe5\xb7\x9d', 396376, '\xe9\x87\x8d\xe5\xba\x86', 141244, '\xe6\xb9\x96\xe5\x8c\x97', 237914, '\xe6\xb2\xb3\xe5\x8d\x97', 240440, '\xe6\xb5\x99\xe6\xb1\x9f', 167391, '\xe4\xba\x91\xe5\x8d\x97', 213461]], 'title': 'B2C PV'}
{'data': [[' ',   '青海',  29572,  '江苏',  348086,  '贵州',  185894,  '北京',  328534,  '广西',  182291,  '澳门',  421,  '广东',  763951,  '上海',  195588,  '海南',  64339,  '甘肃',  99982,  '辽宁',  223607,  '江西',  81723,  '宁夏',  45680,  '福建',  185433,  '天津',  157835,  '河北',  271945,  '山东',  319590,  '西藏',  2827,  '吉林',  109875,  '黑龙江',  149524,  '湖南',  256302,  '台湾',  724,  '内蒙古',  173437,  '安徽',  143577,  '陕西',  284884,  '山西',  233803,  '新疆',  124961,  '四川',  396376,  '重庆',  141244,  '湖北',  237914,  '河南',  240440,  '浙江',  167391,  '云南',  213461,], ],'hinge': ['上海','北京','四川','广东'],'title': 'B2C PV'}
{'hinge': ['\xe4\xb8\x8a\xe6\xb5\xb7', '\xe5\x8c\x97\xe4\xba\xac', '\xe5\x9b\x9b\xe5\xb7\x9d', '\xe5\xb9\xbf\xe4\xb8\x9c'], 'data': [[' ', '\xe9\x9d\x92\xe6\xb5\xb7', 29572, '\xe6\xb1\x9f\xe8\x8b\x8f', 348086, '\xe8\xb4\xb5\xe5\xb7\x9e', 185894, '\xe5\x8c\x97\xe4\xba\xac', 328534, '\xe5\xb9\xbf\xe8\xa5\xbf', 182291, '\xe6\xbe\xb3\xe9\x97\xa8', 421, '\xe5\xb9\xbf\xe4\xb8\x9c', 763951, '\xe4\xb8\x8a\xe6\xb5\xb7', 195588, '\xe6\xb5\xb7\xe5\x8d\x97', 64339, '\xe7\x94\x98\xe8\x82\x83', 99982, '\xe8\xbe\xbd\xe5\xae\x81', 223607, '\xe6\xb1\x9f\xe8\xa5\xbf', 81723, '\xe5\xae\x81\xe5\xa4\x8f', 45680, '\xe7\xa6\x8f\xe5\xbb\xba', 185433, '\xe5\xa4\xa9\xe6\xb4\xa5', 157835, '\xe6\xb2\xb3\xe5\x8c\x97', 271945, '\xe5\xb1\xb1\xe4\xb8\x9c', 319590, '\xe8\xa5\xbf\xe8\x97\x8f', 2827, '\xe5\x90\x89\xe6\x9e\x97', 109875, '\xe9\xbb\x91\xe9\xbe\x99\xe6\xb1\x9f', 149524, '\xe6\xb9\x96\xe5\x8d\x97', 256302, '\xe5\x8f\xb0\xe6\xb9\xbe', 724, '\xe5\x86\x85\xe8\[02/Dec/2013 15:31:29] "GET /ajax/map/?id=main&type=map_pie&data=%7B'data':%20[['%20',%20%20%20'%E9%9D%92%E6%B5%B7',%20%2029572,%20%20'%E6%B1%9F%E8%8B%8F',%20%20348086,%20%20'%E8%B4%B5%E5%B7%9E',%20%20185894,%20%20'%E5%8C%97%E4%BA%AC',%20%20328534,%20%20'%E5%B9%BF%E8%A5%BF',%20%20182291,%20%20'%E6%BE%B3%E9%97%A8',%20%20421,%20%20'%E5%B9%BF%E4%B8%9C',%20%20763951,%20%20'%E4%B8%8A%E6%B5%B7',%20%20195588,%20%20'%E6%B5%B7%E5%8D%97',%20%2064339,%20%20'%E7%94%98%E8%82%83',%20%2099982,%20%20'%E8%BE%BD%E5%AE%81',%20%20223607,%20%20'%E6%B1%9F%E8%A5%BF',%20%2081723,%20%20'%E5%AE%81%E5%A4%8F',%20%2045680,%20%20'%E7%A6%8F%E5%BB%BA',%20%20185433,%20%20'%E5%A4%A9%E6%B4%A5',%20%20157835,%20%20'%E6%B2%B3%E5%8C%97',%20%20271945,%20%20'%E5%B1%B1%E4%B8%9C',%20%20319590,%20%20'%E8%A5%BF%E8%97%8F',%20%202827,%20%20'%E5%90%89%E6%9E%97',%20%20109875,%20%20'%E9%BB%91%E9%BE%99%E6%B1%9F',%20%20149524,%20%20'%E6%B9%96%E5%8D%97',%20%20256302,%20%20'%E5%8F%B0%E6%B9%BE',%20%20724,%20%20'%E5%86%85%E8%92%99%E5%8F%A4',%20%20173437,%20%20'%E5%AE%89%E5%BE%BD',%20%20143577,%20%20'%E9%99%95%E8%A5%BF',%20%20284884,%20%20'%E5%B1%B1%E8%A5%BF',%20%20233803,%20%20'%E6%96%B0%E7%96%86',%20%20124961,%20%20'%E5%9B%9B%E5%B7%9D',%20%20396376,%20%20'%E9%87%8D%E5%BA%86',%20%20141244,%20%20'%E6%B9%96%E5%8C%97',%20%20237914,%20%20'%E6%B2%B3%E5%8D%97',%20%20240440,%20%20'%E6%B5%99%E6%B1%9F',%20%20167391,%20%20'%E4%BA%91%E5%8D%97',%20%20213461,],%20],'hinge':%20['%E4%B8%8A%E6%B5%B7','%E5%8C%97%E4%BA%AC','%E5%9B%9B%E5%B7%9D','%E5%B9%BF%E4%B8%9C'],'title':%20'B2C%20PV'%7D&callback=jQuery191017043065186589956_1385969472479&_=1385969472480 HTTP/1.0" 200 5617
[02/Dec/2013 15:32:30] "GET /js/jigsaw.js HTTP/1.0" 304 0
[02/Dec/2013 15:32:30] "GET /js/jigsaw.dev.js HTTP/1.0" 304 0
[02/Dec/2013 15:32:31] "GET /ajax/map?id=main&type=map_pie&data={'data':%20[['%20',%20%20%20'%E9%9D%92%E6%B5%B7',%20%2029572,%20%20'%E6%B1%9F%E8%8B%8F',%20%20348086,%20%20'%E8%B4%B5%E5%B7%9E',%20%20185894,%20%20'%E5%8C%97%E4%BA%AC',%20%20328534,%20%20'%E5%B9%BF%E8%A5%BF',%20%20182291,%20%20'%E6%BE%B3%E9%97%A8',%20%20421,%20%20'%E5%B9%BF%E4%B8%9C',%20%20763951,%20%20'%E4%B8%8A%E6%B5%B7',%20%20195588,%20%20'%E6%B5%B7%E5%8D%97',%20%2064339,%20%20'%E7%94%98%E8%82%83',%20%2099982,%20%20'%E8%BE%BD%E5%AE%81',%20%20223607,%20%20'%E6%B1%9F%E8%A5%BF',%20%2081723,%20%20'%E5%AE%81%E5%A4%8F',%20%2045680,%20%20'%E7%A6%8F%E5%BB%BA',%20%20185433,%20%20'%E5%A4%A9%E6%B4%A5',%20%20157835,%20%20'%E6%B2%B3%E5%8C%97',%20%20271945,%20%20'%E5%B1%B1%E4%B8%9C',%20%20319590,%20%20'%E8%A5%BF%E8%97%8F',%20%202827,%20%20'%E5%90%89%E6%9E%97',%20%20109875,%20%20'%E9%BB%91%E9%BE%99%E6%B1%9F',%20%20149524,%20%20'%E6%B9%96%E5%8D%97',%20%20256302,%20%20'%E5%8F%B0%E6%B9%BE',%20%20724,%20%20'%E5%86%85%E8%92%99%E5%8F%A4',%20%20173437,%20%20'%E5%AE%89%E5%BE%BD',%20%20143577,%20%20'%E9%99%95%E8%A5%BF',%20%20284884,%20%20'%E5%B1%B1%E8%A5%BF',%20%20233803,%20%20'%E6%96%B0%E7%96%86',%20%20124961,%20%20'%E5%9B%9B%E5%B7%9D',%20%20396376,%20%20'%E9%87%8D%E5%BA%86',%20%20141244,%20%20'%E6%B9%96%E5%8C%97',%20%20237914,%20%20'%E6%B2%B3%E5%8D%97',%20%20240440,%20%20'%E6%B5%99%E6%B1%9F',%20%20167391,%20%20'%E4%BA%91%E5%8D%97',%20%20213461,],%20],'hinge':%20['%E4%B8%8A%E6%B5%B7','%E5%8C%97%E4%BA%AC','%E5%9B%9B%E5%B7%9D','%E5%B9%BF%E4%B8%9C'],'title':%20'B2C%20PV'}&callback=jQuery19107100414757151157_1385969534460&_=1385969534461 HTTP/1.0" 301 0
[02/Dec/2013 15:32:31] "GET /ajax/map/?id=main&type=map_pie&data=%7B'data':%20[['%20',%20%20%20'%E9%9D%92%E6%B5%B7',%20%2029572,%20%20'%E6%B1%9F%E8%8B%8F',%20%20348086,%20%20'%E8%B4%B5%E5%B7%9E',%20%20185894,%20%20'%E5%8C%97%E4%BA%AC',%20%20328534,%20%20'%E5%B9%BF%E8%A5%BF',%20%20182291,%20%20'%E6%BE%B3%E9%97%A8',%20%20421,%20%20'%E5%B9%BF%E4%B8%9C',%20%20763951,%20%20'%E4%B8%8A%E6%B5%B7',%20%20195588,%20%20'%E6%B5%B7%E5%8D%97',%20%2064339,%20%20'%E7%94%98%E8%82%83',%20%2099982,%20%20'%E8%BE%BD%E5%AE%81',%20%20223607,%20%20'%E6%B1%9F%E8%A5%BF',%20%2081723,%20%20'%E5%AE%81%E5%A4%8F',%20%2045680,%20%20'%E7%A6%8F%E5%BB%BA',%20%20185433,%20%20'%E5%A4%A9%E6%B4%A5',%20%20157835,%20%20'%E6%B2%B3%E5%8C%97',%20%20271945,%20%20'%E5%B1%B1%E4%B8%9C',%20%20319590,%20%20'%E8%A5%BF%E8%97%8F',%20%202827,%20%20'%E5%90%89%E6%9E%97',%20%20109875,%20%20'%E9%BB%91%E9%BE%99%E6%B1%9F',%20%20149524,%20%20'%E6%B9%96%E5%8D%97',%20%20256302,%20%20'%E5%8F%B0%E6%B9%BE',%20%20724,%20%20'%E5%86%85%E8%92%99%E5%8F%A4',%20%20173437,%20%20'%E5%AE%89%E5%BE%BD',%20%20143577,%20%20'%E9%99%95%E8%A5%BF',%20%20284884,%20%20'%E5%B1%B1%E8%A5%BF',%20%20233803,%20%20'%E6%96%B0%E7%96%86',%20%20124961,%20%20'%E5%9B%9B%E5%B7%9D',%20%20396376,%20%20'%E9%87%8D%E5%BA%86',%20%20141244,%20%20'%E6%B9%96%E5%8C%97',%20%20237914,%20%20'%E6%B2%B3%E5%8D%97',%20%20240440,%20%20'%E6%B5%99%E6%B1%9F',%20%20167391,%20%20'%E4%BA%91%E5%8D%97',%20%20213461,],%20],'hinge':%20['%E4%B8%8A%E6%B5%B7','%E5%8C%97%E4%BA%AC','%E5%9B%9B%E5%B7%9D','%E5%B9%BF%E4%B8%9C'],'title':%20'B2C%20PV'%7D&callback=jQuery19107100414757151157_1385969534460&_=1385969534461 HTTP/1.0" 200 5616
[02/Dec/2013 15:33:31] "GET /js/jigsaw.js HTTP/1.0" 304 0
[02/Dec/2013 15:33:31] "GET /js/jigsaw.dev.js HTTP/1.0" 304 0
[02/Dec/2013 15:33:32] "GET /ajax/map?id=main&type=map_pie&data={'data':%20[['%20',%20%20%20'%E9%9D%92%E6%B5%B7',%20%2029572,%20%20'%E6%B1%9F%E8%8B%8F',%20%20348086,%20%20'%E8%B4%B5%E5%B7%9E',%20%20185894,%20%20'%E5%8C%97%E4%BA%AC',%20%20328534,%20%20'%E5%B9%BF%E8%A5%BF',%20%20182291,%20%20'%E6%BE%B3%E9%97%A8',%20%20421,%20%20'%E5%B9%BF%E4%B8%9C',%20%20763951,%20%20'%E4%B8%8A%E6%B5%B7',%20%20195588,%20%20'%E6%B5%B7%E5%8D%97',%20%2064339,%20%20'%E7%94%98%E8%82%83',%20%2099982,%20%20'%E8%BE%BD%E5%AE%81',%20%20223607,%20%20'%E6%B1%9F%E8%A5%BF',%20%2081723,%20%20'%E5%AE%81%E5%A4%8F',%20%2045680,%20%20'%E7%A6%8F%E5%BB%BA',%20%20185433,%20%20'%E5%A4%A9%E6%B4%A5',%20%20157835,%20%20'%E6%B2%B3%E5%8C%97',%20%20271945,%20%20'%E5%B1%B1%E4%B8%9C',%20%20319590,%20%20'%E8%A5%BF%E8%97%8F',%20%202827,%20%20'%E5%90%89%E6%9E%97',%20%20109875,%20%20'%E9%BB%91%E9%BE%99%E6%B1%9F',%20%20149524,%20%20'%E6%B9%96%E5%8D%97',%20%20256302,%20%20'%E5%8F%B0%E6%B9%BE',%20%20724,%20%20'%E5%86%85%E8%92%99%E5%8F%A4',%20%20173437,%20%20'%E5%AE%89%E5%BE%BD',%20%20143577,%20%20'%E9%99%95%E8%A5%BF',%20%20284884,%20%20'%E5%B1%B1%E8%A5%BF',%20%20233803,%20%20'%E6%96%B0%E7%96%86',%20%20124961,%20%20'%E5%9B%9B%E5%B7%9D',%20%20396376,%20%20'%E9%87%8D%E5%BA%86',%20%20141244,%20%20'%E6%B9%96%E5%8C%97',%20%20237914,%20%20'%E6%B2%B3%E5%8D%97',%20%20240440,%20%20'%E6%B5%99%E6%B1%9F',%20%20167391,%20%20'%E4%BA%91%E5%8D%97',%20%20213461,],%20],'hinge':%20['%E4%B8%8A%E6%B5%B7','%E5%8C%97%E4%BA%AC','%E5%9B%9B%E5%B7%9D','%E5%B9%BF%E4%B8%9C'],'title':%20'B2C%20PV'}&callback=jQuery191023641895432956517_1385969595859&_=1385969595860 HTTP/1.0" 301 0
x92\x99\xe5\x8f\xa4', 173437, '\xe5\xae\x89\xe5\xbe\xbd', 143577, '\xe9\x99\x95\xe8\xa5\xbf', 284884, '\xe5\xb1\xb1\xe8\xa5\xbf', 233803, '\xe6\x96\xb0\xe7\x96\x86', 124961, '\xe5\x9b\x9b\xe5\xb7\x9d', 396376, '\xe9\x87\x8d\xe5\xba\x86', 141244, '\xe6\xb9\x96\xe5\x8c\x97', 237914, '\xe6\xb2\xb3\xe5\x8d\x97', 240440, '\xe6\xb5\x99\xe6\xb1\x9f', 167391, '\xe4\xba\x91\xe5\x8d\x97', 213461]], 'title': 'B2C PV'}
{'data': [[' ',   '青海',  29572,  '江苏',  348086,  '贵州',  185894,  '北京',  328534,  '广西',  182291,  '澳门',  421,  '广东',  763951,  '上海',  195588,  '海南',  64339,  '甘肃',  99982,  '辽宁',  223607,  '江西',  81723,  '宁夏',  45680,  '福建',  185433,  '天津',  157835,  '河北',  271945,  '山东',  319590,  '西藏',  2827,  '吉林',  109875,  '黑龙江',  149524,  '湖南',  256302,  '台湾',  724,  '内蒙古',  173437,  '安徽',  143577,  '陕西',  284884,  '山西',  233803,  '新疆',  124961,  '四川',  396376,  '重庆',  141244,  '湖北',  237914,  '河南',  240440,  '浙江',  167391,  '云南',  213461,], ],'hinge': ['上海','北京','四川','广东'],'title': 'B2C PV'}
{'hinge': ['\xe4\xb8\x8a\xe6\xb5\xb7', '\xe5\x8c\x97\xe4\xba\xac', '\xe5\x9b\x9b\xe5\xb7\x9d', '\xe5\xb9\xbf\xe4\xb8\x9c'], 'data': [[' ', '\xe9\x9d\x92\xe6\xb5\xb7', 29572, '\xe6\xb1\x9f\xe8\x8b\x8f', 348086, '\xe8\xb4\xb5\xe5\xb7\x9e', 185894, '\xe5\x8c\x97\xe4\xba\xac', 328534, '\xe5\xb9\xbf\xe8\xa5\xbf', 182291, '\xe6\xbe\xb3\xe9\x97\xa8', 421, '\xe5\xb9\xbf\xe4\xb8\x9c', 763951, '\xe4\xb8\x8a\xe6\xb5\xb7', 195588, '\xe6\xb5\xb7\xe5\x8d\x97', 64339, '\xe7\x94\x98\xe8\x82\x83', 99982, '\xe8\xbe\xbd\xe5\xae\x81', 223607, '\xe6\xb1\x9f\xe8\xa5\xbf', 81723, '\xe5\xae\x81\xe5\xa4\x8f', 45680, '\xe7\xa6\x8f\xe5\xbb\xba', 185433, '\xe5\xa4\xa9\xe6\xb4\xa5', 157835, '\xe6\xb2\xb3\xe5\x8c\x97', 271945, '\xe5\xb1\xb1\xe4\xb8\x9c', 319590, '\xe8\xa5\xbf\xe8\x97\x8f', 2827, '\xe5\x90\x89\xe6\x9e\x97', 109875, '\xe9\xbb\x91\xe9\xbe\x99\xe6\xb1\x9f', 149524, '\xe6\xb9\x96\xe5\x8d\x97', 256302, '\xe5\x8f\xb0\xe6\xb9\xbe', 724, '\xe5\x86\x85\xe8\x92\x99\xe5\x8f\xa4', 173437, '\xe5\xae\x89\xe5\xbe\xbd', 143577, '\xe9\x99\x95\xe8\xa5\xbf', 284884, '\xe5\xb1\xb1\xe8\xa5\xbf', 233803, '\xe6\x96\xb0\xe7\x96\x86', 124961, '\xe5\x9b\x9b\xe5\xb7\x9d', 396376, '\xe9\x87\x8d\xe5\xba\x86', 141244, '\xe6\xb9\x96\xe5\x8c\x97', 237914, '\xe6\xb2\xb3\xe5\x8d\x97', 240440, '\xe6\xb5\x99\xe6\xb1\x9f', 167391, '\xe4\xba\x91\xe5\x8d\x97', 213461]], 'title': 'B2C PV'}
{'data': [[' ',   '青海',  29572,  '江苏',  348086,  '贵州',  185894,  '北京',  328534,  '广西',  182291,  '澳门',  421,  '广东',  763951,  '上海',  195588,  '海南',  64339,  '甘肃',  99982,  '辽宁',  223607,  '江西',  81723,  '宁夏',  45680,  '福建',  185433,  '天津',  157835,  '河北',  271945,  '山东',  319590,  '西藏',  2827,  '吉林',  109875,  '黑龙江',  149524,  '湖南',  256302,  '台湾',  724,  '内蒙古',  173437,  '安徽',  143577,  '陕西',  284884,  '山西',  233803,  '新疆',  124961,  '四川',  396376,  '重庆',  141244,  '湖北',  237914,  '河南',  240440,  '浙江',  167391,  '云南',  213461,], ],'hinge': ['上海','北京','四川','广东'],'title': 'B2C PV'}
{'hinge': ['\xe4\xb8\x8a\xe6\xb5\xb7', '\xe5\x8c\x97\xe4\xba\xac', '\xe5\x9b\x9b\xe5\xb7\x9d', '\xe5\xb9\xbf\xe4\xb8\x9c'], 'data': [[' ', '\xe9\x9d\x92\xe6\xb5\xb7', 29572, '\xe6\xb1\x9f\xe8\x8b\x8f', 348086, '\xe8\xb4\xb5\xe5\xb7\x9e', 185894, '\xe5\x8c\x97\xe4\xba\xac', 328534, '\xe5\xb9\xbf\xe8\xa5\xbf', 182291, '\xe6\xbe\xb3\xe9\x97\xa8', 421, '\xe5\xb9\xbf\xe4\xb8\x9c', 763951, '\xe4\xb8\x8a\xe6\xb5\xb7', 195588, '\xe6\xb5\xb7\xe5\x8d\x97', 64339, '\xe7\x94\x98\xe8\x82\x83', 99982, '\xe8\xbe\xbd\xe5\xae\x81', 223607, '\xe6\xb1\x9f\xe8\xa5\xbf', 81723, '\xe5\xae\x81\xe5\xa4\x8f', 45680, '\xe7\xa6\x8f\xe5\xbb\xba', 185433, '\xe5\xa4\xa9\xe6\xb4\xa5', 157835, '\xe6\xb2\xb3\xe5\x8c\x97', 271945, '\xe5\xb1\xb1\xe4\xb8\x9c', 319590, '\xe8\xa5\xbf\xe8\x97\x8f', 2827, '\xe5\x90\x89\xe6\x9e\x97', 109875, '\xe9\xbb\x91\xe9\xbe\x99\xe6\xb1[02/Dec/2013 15:33:32] "GET /ajax/map/?id=main&type=map_pie&data=%7B'data':%20[['%20',%20%20%20'%E9%9D%92%E6%B5%B7',%20%2029572,%20%20'%E6%B1%9F%E8%8B%8F',%20%20348086,%20%20'%E8%B4%B5%E5%B7%9E',%20%20185894,%20%20'%E5%8C%97%E4%BA%AC',%20%20328534,%20%20'%E5%B9%BF%E8%A5%BF',%20%20182291,%20%20'%E6%BE%B3%E9%97%A8',%20%20421,%20%20'%E5%B9%BF%E4%B8%9C',%20%20763951,%20%20'%E4%B8%8A%E6%B5%B7',%20%20195588,%20%20'%E6%B5%B7%E5%8D%97',%20%2064339,%20%20'%E7%94%98%E8%82%83',%20%2099982,%20%20'%E8%BE%BD%E5%AE%81',%20%20223607,%20%20'%E6%B1%9F%E8%A5%BF',%20%2081723,%20%20'%E5%AE%81%E5%A4%8F',%20%2045680,%20%20'%E7%A6%8F%E5%BB%BA',%20%20185433,%20%20'%E5%A4%A9%E6%B4%A5',%20%20157835,%20%20'%E6%B2%B3%E5%8C%97',%20%20271945,%20%20'%E5%B1%B1%E4%B8%9C',%20%20319590,%20%20'%E8%A5%BF%E8%97%8F',%20%202827,%20%20'%E5%90%89%E6%9E%97',%20%20109875,%20%20'%E9%BB%91%E9%BE%99%E6%B1%9F',%20%20149524,%20%20'%E6%B9%96%E5%8D%97',%20%20256302,%20%20'%E5%8F%B0%E6%B9%BE',%20%20724,%20%20'%E5%86%85%E8%92%99%E5%8F%A4',%20%20173437,%20%20'%E5%AE%89%E5%BE%BD',%20%20143577,%20%20'%E9%99%95%E8%A5%BF',%20%20284884,%20%20'%E5%B1%B1%E8%A5%BF',%20%20233803,%20%20'%E6%96%B0%E7%96%86',%20%20124961,%20%20'%E5%9B%9B%E5%B7%9D',%20%20396376,%20%20'%E9%87%8D%E5%BA%86',%20%20141244,%20%20'%E6%B9%96%E5%8C%97',%20%20237914,%20%20'%E6%B2%B3%E5%8D%97',%20%20240440,%20%20'%E6%B5%99%E6%B1%9F',%20%20167391,%20%20'%E4%BA%91%E5%8D%97',%20%20213461,],%20],'hinge':%20['%E4%B8%8A%E6%B5%B7','%E5%8C%97%E4%BA%AC','%E5%9B%9B%E5%B7%9D','%E5%B9%BF%E4%B8%9C'],'title':%20'B2C%20PV'%7D&callback=jQuery191023641895432956517_1385969595859&_=1385969595860 HTTP/1.0" 200 5617
[02/Dec/2013 15:33:32] "GET /echarts/src/echarts.js HTTP/1.0" 304 0
[02/Dec/2013 15:33:32] "GET /echarts/src/chart/pie.js HTTP/1.0" 304 0
[02/Dec/2013 15:33:32] "GET /echarts/src/chart/map.js HTTP/1.0" 304 0
[02/Dec/2013 15:33:32] "GET /zrender/src/tool/util.js HTTP/1.0" 304 0
[02/Dec/2013 15:33:32] "GET /zrender/src/tool/color.js HTTP/1.0" 304 0
[02/Dec/2013 15:33:32] "GET /echarts/src/component.js HTTP/1.0" 304 0
[02/Dec/2013 15:33:32] "GET /echarts/src/chart.js HTTP/1.0" 304 0
[02/Dec/2013 15:33:32] "GET /echarts/src/util/ecData.js HTTP/1.0" 304 0
[02/Dec/2013 15:33:32] "GET /echarts/src/component/polar.js HTTP/1.0" 304 0
[02/Dec/2013 15:33:32] "GET /echarts/src/component/dataView.js HTTP/1.0" 304 0
[02/Dec/2013 15:33:32] "GET /echarts/src/component/toolbox.js HTTP/1.0" 304 0
[02/Dec/2013 15:33:32] "GET /echarts/src/component/tooltip.js HTTP/1.0" 304 0
[02/Dec/2013 15:33:32] "GET /echarts/src/component/dataRange.js HTTP/1.0" 304 0
[02/Dec/2013 15:33:32] "GET /echarts/src/component/legend.js HTTP/1.0" 304 0
[02/Dec/2013 15:33:32] "GET /echarts/src/component/dataZoom.js HTTP/1.0" 304 0
[02/Dec/2013 15:33:32] "GET /echarts/src/component/valueAxis.js HTTP/1.0" 304 0
[02/Dec/2013 15:33:32] "GET /echarts/src/component/grid.js HTTP/1.0" 304 0
[02/Dec/2013 15:33:32] "GET /echarts/src/component/categoryAxis.js HTTP/1.0" 304 0
[02/Dec/2013 15:33:32] "GET /echarts/src/component/axis.js HTTP/1.0" 304 0
[02/Dec/2013 15:33:32] "GET /echarts/src/component/title.js HTTP/1.0" 304 0
[02/Dec/2013 15:33:32] "GET /echarts/src/chart/island.js HTTP/1.0" 304 0
[02/Dec/2013 15:33:32] "GET /echarts/src/util/shape/icon.js HTTP/1.0" 304 0
[02/Dec/2013 15:33:32] "GET /zrender/src/config.js HTTP/1.0" 304 0
[02/Dec/2013 15:33:32] "GET /zrender/src/tool/event.js HTTP/1.0" 304 0
[02/Dec/2013 15:33:32] "GET /zrender/src/zrender.js HTTP/1.0" 304 0
[02/Dec/2013 15:33:32] "GET /echarts/src/config.js HTTP/1.0" 304 0
[02/Dec/2013 15:33:32] "GET /echarts/src/util/accMath.js HTTP/1.0" 304 0
[02/Dec/2013 15:33:32] "GET /zrender/src/tool/math.js HTTP/1.0" 304 0
[02/Dec/2013 15:33:32] "GET /echarts/src/chart/calculableBase.js HTTP/1.0" 304 0
[02/Dec/2013 15:33:32] "GET /echarts/src/component/base.js HTTP/1.0" 304 0
[02/Dec/2013 15:33:32] "GET /echarts/src/util/mapData/textFixed.js HTTP/1.0" 304 0
[02/Dec/2013 15:33:32] "GET /echarts/src/util/mapData/params.js HTTP/1.0" 304 0
[02/Dec/2013 15:33:32] "GET /zrender/src/lib/excanvas.js HTTP/1.0" 304 0
[02/Dec/2013 15:33:32] "GET /zrender/src/tool/vector.js HTTP/1.0" 304 0
[02/Dec/2013 15:33:32] "GET /echarts/src/util/coordinates.js HTTP/1.0" 304 0
[02/Dec/2013 15:33:32] "GET /zrender/src/shape/base.js HTTP/1.0" 304 0
[02/Dec/2013 15:33:32] "GET /zrender/src/tool/area.js HTTP/1.0" 304 0
[02/Dec/2013 15:33:32] "GET /zrender/src/shape.js HTTP/1.0" 304 0
[02/Dec/2013 15:33:32] "GET /zrender/src/tool/matrix.js HTTP/1.0" 304 0
[02/Dec/2013 15:33:32] "GET /zrender/src/tool/loadingEffect.js HTTP/1.0" 304 0
[02/Dec/2013 15:33:32] "GET /zrender/src/animation/animation.js HTTP/1.0" 304 0
[02/Dec/2013 15:33:32] "GET /zrender/src/shape/isogon.js HTTP/1.0" 304 0
[02/Dec/2013 15:33:32] "GET /zrender/src/shape/star.js HTTP/1.0" 304 0
[02/Dec/2013 15:33:32] "GET /zrender/src/shape/beziercurve.js HTTP/1.0" 304 0
[02/Dec/2013 15:33:32] "GET /zrender/src/shape/image.js HTTP/1.0" 304 0
[02/Dec/2013 15:33:32] "GET /zrender/src/shape/path.js HTTP/1.0" 304 0
[02/Dec/2013 15:33:32] "GET /zrender/src/shape/droplet.js HTTP/1.0" 304 0
[02/Dec/2013 15:33:32] "GET /zrender/src/shape/ring.js HTTP/1.0" 304 0
[02/Dec/2013 15:33:32] "GET /zrender/src/shape/rectangle.js HTTP/1.0" 304 0
[02/Dec/2013 15:33:32] "GET /zrender/src/shape/brokenLine.js HTTP/1.0" 304 0
[02/Dec/2013 15:33:32] "GET /zrender/src/shape/polygon.js HTTP/1.0" 304 0
[02/Dec/2013 15:33:32] "GET /zrender/src/shape/line.js HTTP/1.0" 304 0
[02/Dec/2013 15:33:32] "GET /zrender/src/shape/ellipse.js HTTP/1.0" 304 0
[02/Dec/2013 15:33:32] "GET /zrender/src/shape/circle.js HTTP/1.0" 304 0
[02/Dec/2013 15:33:32] "GET /zrender/src/animation/clip.js HTTP/1.0" 304 0
[02/Dec/2013 15:33:33] "GET /zrender/src/animation/easing.js HTTP/1.0" 304 0
[02/Dec/2013 15:33:33] "GET /zrender/src/shape/heart.js HTTP/1.0" 304 0
[02/Dec/2013 15:33:33] "GET /zrender/src/shape/text.js HTTP/1.0" 304 0
[02/Dec/2013 15:33:33] "GET /zrender/src/shape/sector.js HTTP/1.0" 304 0
[02/Dec/2013 15:34:33] "GET /js/jigsaw.js HTTP/1.0" 304 0
[02/Dec/2013 15:34:33] "GET /js/jigsaw.dev.js HTTP/1.0" 304 0
[02/Dec/2013 15:34:33] "GET /ajax/map?id=main&type=map_pie&data={'data':%20[['%20',%20%20%20'%E9%9D%92%E6%B5%B7',%20%2029572,%20%20'%E6%B1%9F%E8%8B%8F',%20%20348086,%20%20'%E8%B4%B5%E5%B7%9E',%20%20185894,%20%20'%E5%8C%97%E4%BA%AC',%20%20328534,%20%20'%E5%B9%BF%E8%A5%BF',%20%20182291,%20%20'%E6%BE%B3%E9%97%A8',%20%20421,%20%20'%E5%B9%BF%E4%B8%9C',%20%20763951,%20%20'%E4%B8%8A%E6%B5%B7',%20%20195588,%20%20'%E6%B5%B7%E5%8D%97',%20%2064339,%20%20'%E7%94%98%E8%82%83',%20%2099982,%20%20'%E8%BE%BD%E5%AE%81',%20%20223607,%20%20'%E6%B1%9F%E8%A5%BF',%20%2081723,%20%20'%E5%AE%81%E5%A4%8F',%20%2045680,%20%20'%E7%A6%8F%E5%BB%BA',%20%20185433,%20%20'%E5%A4%A9%E6%B4%A5',%20%20157835,%20%20'%E6%B2%B3%E5%8C%97',%20%20271945,%20%20'%E5%B1%B1%E4%B8%9C',%20%20319590,%20%20'%E8%A5%BF%E8%97%8F',%20%202827,%20%20'%E5%90%89%E6%9E%97',%20%20109875,%20%20'%E9%BB%91%E9%BE%99%E6%B1%9F',%20%20149524,%20%20'%E6%B9%96%E5%8D%97',%20%20256302,%20%20'%E5%8F%B0%E6%B9%BE',%20%20724,%20%20'%E5%86%85%E8%92%99%E5%8F%A4',%20%20173437,%20%20'%E5%AE%89%E5%BE%BD',%20%20143577,%20%20'%E9%99%95%E8%A5%BF',%20%20284884,%20%20'%E5%B1%B1%E8%A5%BF',%20%20233803,%20%20'%E6%96%B0%E7%96%86',%20%20124961,%20%20'%E5%9B%9B%E5%B7%9D',%20%20396376,%20%20'%E9%87%8D%E5%BA%86',%20%20141244,%20%20'%E6%B9%96%E5%8C%97',%20%20237914,%20%20'%E6%B2%B3%E5%8D%97',%20%20240440,%20%20'%E6%B5%99%E6%B1%9F',%20%20167391,%20%20'%E4%BA%91%E5%8D%97',%20%20213461,],%20],'hinge':%20['%E4%B8%8A%E6%B5%B7','%E5%8C%97%E4%BA%AC','%E5%9B%9B%E5%B7%9D','%E5%B9%BF%E4%B8%9C'],'title':%20'B2C%20PV'}&callback=jQuery19105084227579645813_1385969656852&_=1385969656853 HTTP/1.0" 301 0
[02/Dec/2013 15:34:33] "GET /ajax/map/?id=main&type=map_pie&data=%7B'data':%20[['%20',%20%20%20'%E9%9D%92%E6%B5%B7',%20%2029572,%20%20'%E6%B1%9F%E8%8B%8F',%20%20348086,%20%20'%E8%B4%B5%E5%B7%9E',%20%20185894,%20%20'%E5%8C%97%E4%BA%AC',%20%20328534,%20%20'%E5%B9%BF%E8%A5%BF',%20%20182291,%20%20'%E6%BE%B3%E9%97%A8',%20%20421,%20%20'%E5%B9%BF%E4%B8%9C',%20%20763951,%20%20'%E4%B8%8A%E6%B5%B7',%20%20195588,%20%20'%E6%B5%B7%E5%8D%97',%20%2064339,%20%20'%E7%94%98%E8%82%83',%20%2099982,%20%20'%E8%BE%BD%E5%AE%81',%20%20223607,%20%20'%E6%B1%9F%E8%A5%BF',%20%2081723,%20%20'%E5%AE%81%E5%A4%8F',%20%2045680,%20%20'%E7%A6%8F%E5%BB%BA',%20%20185433,%20%20'%E5%A4%A9%E6%B4%A5',%20%20157835,%20%20'%E6%B2%B3%E5%8C%97',%20%20271945,%20%20'%E5%B1%B1%E4%B8%9C',%20%20319590,%20%20'%E8%A5%BF%E8%97%8F',%20%202827,%20%20'%E5%90%89%E6%9E%97',%20%20109875,%20%20'%E9%BB%91%E9%BE%99%E6%B1%9F',%20%20149524,%20%20'%E6%B9%96%E5%8D%97',%20%20256302,%20%20'%E5%8F%B0%E6%B9%BE',%20%20724,%20%20'%E5%86%85%E8%92%99%E5%8F%A4',%20%20173437,%20%20'%E5%AE%89%E5%BE%BD',%20%20143577,%20%20'%E9%99%95%E8%A5%BF',%20%20284884,%20%20'%E5%B1%B1%E8%A5%BF',%20%20233803,%20%20'%E6%96%B0%E7%96%86',%20%20124961,%20%20'%E5%9B%9B%E5%B7%9D',%20%20396376,%20%20'%E9%87%8D%E5%BA%86',%20%20141244,%20%20'%E6%B9%96%E5%8C%97',%20%20237914,%20%20'%E6%B2%B3%E5%8D%97',%20%20240440,%20%20'%E6%B5%99%E6%B1%9F',%20%20167391,%20%20'%E4%BA%91%E5%8D%97',%20%20213461,],%20],'hinge':%20['%E4%B8%8A%E6%B5%B7','%E5%8C%97%E4%BA%AC','%E5%9B%9B%E5%B7%9D','%E5%B9%BF%E4%B8%9C'],'title':%20'B2C%20PV'%7D&callback=jQuery19105084227579645813_1385969656852&_=1385969656853 HTTP/1.0" 200 5616
[02/Dec/2013 15:35:33] "GET /js/jigsaw.js HTTP/1.0" 304 0
[02/Dec/2013 15:35:33] "GET /js/jigsaw.dev.js HTTP/1.0" 304 0
[02/Dec/2013 15:35:34] "GET /ajax/map?id=main&type=map_pie&data={'data':%20[['%20',%20%20%20'%E9%9D%92%E6%B5%B7',%20%2029572,%20%20'%E6%B1%9F%E8%8B%8F',%20%20348086,%20%20'%E8%B4%B5%E5%B7%9E',%20%20185894,%20%20'%E5%8C%97%E4%BA%AC',%20%20328534,%20%20'%E5%B9%BF%E8%A5%BF',%20%20182291,%20%20'%E6%BE%B3%E9%97%A8',%20%20421,%20%20'%E5%B9%BF%E4%B8%9C',%20%20763951,%20%20'%E4%B8%8A%E6%B5%B7',%20%20195588,%20%20'%E6%B5%B7%E5%8D%97',%20%2064339,%20%20'%E7%94%98%E8%82%83',%20%2099982,%20%20'%E8%BE%BD%E5%AE%81',%20%20223607,%20%20'%E6%B1%9F%E8%A5%BF',%20%2081723,%20%20'%E5%AE%81%E5%A4%8F',%20%2045680,%20%20'%E7%A6%8F%E5%BB%BA',%20%20185433,%20%20'%E5%A4%A9%E6%B4%A5',%20%20157835,%20%20'%E6%B2%B3%E5%8C%97',%20%20271945,%20%20'%E5%B1%B1%E4%B8%9C',%20%20319590,%20%20'%E8%A5%BF%E8%97%8F',%20%202827,%20%20'%E5%90%89%E6%9E%97',%20%20109875,%20%20'%E9%BB%91%E9%BE%99%E6%B1%9F',%20%20149524,%20%20'%E6%B9%96%E5%8D%97',%20%20256302,%20%20'%E5%8F%B0%E6%B9%BE',%20%20724,%20%20'%E5%86%85%E8%92%99%E5%8F%A4',%20%20173437,%20%20'%E5%AE%89%E5%BE%BD',%20%20143577,%20%20'%E9%99%95%E8%A5%BF',%20%20284884,%20%20'%E5%B1%B1%E8%A5%BF',%20%20233803,%20%20'%E6%96%B0%E7%96%86',%20%20124961,%20%20'%E5%9B%9B%E5%B7%9D',%20%20396376,%20%20'%E9%87%8D%E5%BA%86',%20%20141244,%20%20'%E6%B9%96%E5%8C%97',%20%20237914,%20%20'%E6%B2%B3%E5%8D%97',%20%20240440,%20%20'%E6%B5%99%E6%B1%9F',%20%20167391,%20%20'%E4%BA%91%E5%8D%97',%20%20213461,],%20],'hinge':%20['%E4%B8%8A%E6%B5%B7','%E5%8C%97%E4%BA%AC','%E5%9B%9B%E5%B7%9D','%E5%B9%BF%E4%B8%9C'],'title':%20'B2C%20PV'}&callback=jQuery19108431595589499921_1385969717498&_=1385969717499 HTTP/1.0" 301 0
\x9f', 149524, '\xe6\xb9\x96\xe5\x8d\x97', 256302, '\xe5\x8f\xb0\xe6\xb9\xbe', 724, '\xe5\x86\x85\xe8\x92\x99\xe5\x8f\xa4', 173437, '\xe5\xae\x89\xe5\xbe\xbd', 143577, '\xe9\x99\x95\xe8\xa5\xbf', 284884, '\xe5\xb1\xb1\xe8\xa5\xbf', 233803, '\xe6\x96\xb0\xe7\x96\x86', 124961, '\xe5\x9b\x9b\xe5\xb7\x9d', 396376, '\xe9\x87\x8d\xe5\xba\x86', 141244, '\xe6\xb9\x96\xe5\x8c\x97', 237914, '\xe6\xb2\xb3\xe5\x8d\x97', 240440, '\xe6\xb5\x99\xe6\xb1\x9f', 167391, '\xe4\xba\x91\xe5\x8d\x97', 213461]], 'title': 'B2C PV'}
{'data': [[' ',   '青海',  29572,  '江苏',  348086,  '贵州',  185894,  '北京',  328534,  '广西',  182291,  '澳门',  421,  '广东',  763951,  '上海',  195588,  '海南',  64339,  '甘肃',  99982,  '辽宁',  223607,  '江西',  81723,  '宁夏',  45680,  '福建',  185433,  '天津',  157835,  '河北',  271945,  '山东',  319590,  '西藏',  2827,  '吉林',  109875,  '黑龙江',  149524,  '湖南',  256302,  '台湾',  724,  '内蒙古',  173437,  '安徽',  143577,  '陕西',  284884,  '山西',  233803,  '新疆',  124961,  '四川',  396376,  '重庆',  141244,  '湖北',  237914,  '河南',  240440,  '浙江',  167391,  '云南',  213461,], ],'hinge': ['上海','北京','四川','广东'],'title': 'B2C PV'}
{'hinge': ['\xe4\xb8\x8a\xe6\xb5\xb7', '\xe5\x8c\x97\xe4\xba\xac', '\xe5\x9b\x9b\xe5\xb7\x9d', '\xe5\xb9\xbf\xe4\xb8\x9c'], 'data': [[' ', '\xe9\x9d\x92\xe6\xb5\xb7', 29572, '\xe6\xb1\x9f\xe8\x8b\x8f', 348086, '\xe8\xb4\xb5\xe5\xb7\x9e', 185894, '\xe5\x8c\x97\xe4\xba\xac', 328534, '\xe5\xb9\xbf\xe8\xa5\xbf', 182291, '\xe6\xbe\xb3\xe9\x97\xa8', 421, '\xe5\xb9\xbf\xe4\xb8\x9c', 763951, '\xe4\xb8\x8a\xe6\xb5\xb7', 195588, '\xe6\xb5\xb7\xe5\x8d\x97', 64339, '\xe7\x94\x98\xe8\x82\x83', 99982, '\xe8\xbe\xbd\xe5\xae\x81', 223607, '\xe6\xb1\x9f\xe8\xa5\xbf', 81723, '\xe5\xae\x81\xe5\xa4\x8f', 45680, '\xe7\xa6\x8f\xe5\xbb\xba', 185433, '\xe5\xa4\xa9\xe6\xb4\xa5', 157835, '\xe6\xb2\xb3\xe5\x8c\x97', 271945, '\xe5\xb1\xb1\xe4\xb8\x9c', 319590, '\xe8\xa5\xbf\xe8\x97\x8f', 2827, '\xe5\x90\x89\xe6\x9e\x97', 109875, '\xe9\xbb\x91\xe9\xbe\x99\xe6\xb1\x9f', 149524, '\xe6\xb9\x96\xe5\x8d\x97', 256302, '\xe5\x8f\xb0\xe6\xb9\xbe', 724, '\xe5\x86\x85\xe8\x92\x99\xe5\x8f\xa4', 173437, '\xe5\xae\x89\xe5\xbe\xbd', 143577, '\xe9\x99\x95\xe8\xa5\xbf', 284884, '\xe5\xb1\xb1\xe8\xa5\xbf', 233803, '\xe6\x96\xb0\xe7\x96\x86', 124961, '\xe5\x9b\x9b\xe5\xb7\x9d', 396376, '\xe9\x87\x8d\xe5\xba\x86', 141244, '\xe6\xb9\x96\xe5\x8c\x97', 237914, '\xe6\xb2\xb3\xe5\x8d\x97', 240440, '\xe6\xb5\x99\xe6\xb1\x9f', 167391, '\xe4\xba\x91\xe5\x8d\x97', 213461]], 'title': 'B2C PV'}
{'data': [[' ',   '青海',  29572,  '江苏',  348086,  '贵州',  185894,  '北京',  328534,  '广西',  182291,  '澳门',  421,  '广东',  763951,  '上海',  195588,  '海南',  64339,  '甘肃',  99982,  '辽宁',  223607,  '江西',  81723,  '宁夏',  45680,  '福建',  185433,  '天津',  157835,  '河北',  271945,  '山东',  319590,  '西藏',  2827,  '吉林',  109875,  '黑龙江',  149524,  '湖南',  256302,  '台湾',  724,  '内蒙古',  173437,  '安徽',  143577,  '陕西',  284884,  '山西',  233803,  '新疆',  124961,  '四川',  396376,  '重庆',  141244,  '湖北',  237914,  '河南',  240440,  '浙江',  167391,  '云南',  213461,], ],'hinge': ['上海','北京','四川','广东'],'title': 'B2C PV'}
{'hinge': ['\xe4\xb8\x8a\xe6\xb5\xb7', '\xe5\x8c\x97\xe4\xba\xac', '\xe5\x9b\x9b\xe5\xb7\x9d', '\xe5\xb9\xbf\xe4\xb8\x9c'], 'data': [[' ', '\xe9\x9d\x92\xe6\xb5\xb7', 29572, '\xe6\xb1\x9f\xe8\x8b\x8f', 348086, '\xe8\xb4\xb5\xe5\xb7\x9e', 185894, '\xe5\x8c\x97\xe4\xba\xac', 328534, '\xe5\xb9\xbf\xe8\xa5\xbf', 182291, '\xe6\xbe\xb3\xe9\x97\xa8', 421, '\xe5\xb9\xbf\xe4\xb8\x9c', 763951, '\xe4\xb8\x8a\xe6\xb5\xb7', 195588, '\xe6\xb5\xb7\xe5\x8d\x97', 64339, '\xe7\x94\x98\xe8\x82\x83', 99982, '\xe8\xbe\xbd\xe5\xae\x81', 223607, '\xe6\xb1\x9f\xe8\xa5\xbf', 81723, '\xe5\xae\x81\xe5\xa4\x8f', 45680, '\xe7\xa6\x8f\xe5\xbb\xba', 185433, '\xe5\xa4\xa9\xe6\xb4\xa5', 157835, '\xe6\xb2\xb3\xe5\x8c\x97', 271945, '\xe5\xb1\xb1\xe4\xb8\x9c', 319590, '[02/Dec/2013 15:35:34] "GET /ajax/map/?id=main&type=map_pie&data=%7B'data':%20[['%20',%20%20%20'%E9%9D%92%E6%B5%B7',%20%2029572,%20%20'%E6%B1%9F%E8%8B%8F',%20%20348086,%20%20'%E8%B4%B5%E5%B7%9E',%20%20185894,%20%20'%E5%8C%97%E4%BA%AC',%20%20328534,%20%20'%E5%B9%BF%E8%A5%BF',%20%20182291,%20%20'%E6%BE%B3%E9%97%A8',%20%20421,%20%20'%E5%B9%BF%E4%B8%9C',%20%20763951,%20%20'%E4%B8%8A%E6%B5%B7',%20%20195588,%20%20'%E6%B5%B7%E5%8D%97',%20%2064339,%20%20'%E7%94%98%E8%82%83',%20%2099982,%20%20'%E8%BE%BD%E5%AE%81',%20%20223607,%20%20'%E6%B1%9F%E8%A5%BF',%20%2081723,%20%20'%E5%AE%81%E5%A4%8F',%20%2045680,%20%20'%E7%A6%8F%E5%BB%BA',%20%20185433,%20%20'%E5%A4%A9%E6%B4%A5',%20%20157835,%20%20'%E6%B2%B3%E5%8C%97',%20%20271945,%20%20'%E5%B1%B1%E4%B8%9C',%20%20319590,%20%20'%E8%A5%BF%E8%97%8F',%20%202827,%20%20'%E5%90%89%E6%9E%97',%20%20109875,%20%20'%E9%BB%91%E9%BE%99%E6%B1%9F',%20%20149524,%20%20'%E6%B9%96%E5%8D%97',%20%20256302,%20%20'%E5%8F%B0%E6%B9%BE',%20%20724,%20%20'%E5%86%85%E8%92%99%E5%8F%A4',%20%20173437,%20%20'%E5%AE%89%E5%BE%BD',%20%20143577,%20%20'%E9%99%95%E8%A5%BF',%20%20284884,%20%20'%E5%B1%B1%E8%A5%BF',%20%20233803,%20%20'%E6%96%B0%E7%96%86',%20%20124961,%20%20'%E5%9B%9B%E5%B7%9D',%20%20396376,%20%20'%E9%87%8D%E5%BA%86',%20%20141244,%20%20'%E6%B9%96%E5%8C%97',%20%20237914,%20%20'%E6%B2%B3%E5%8D%97',%20%20240440,%20%20'%E6%B5%99%E6%B1%9F',%20%20167391,%20%20'%E4%BA%91%E5%8D%97',%20%20213461,],%20],'hinge':%20['%E4%B8%8A%E6%B5%B7','%E5%8C%97%E4%BA%AC','%E5%9B%9B%E5%B7%9D','%E5%B9%BF%E4%B8%9C'],'title':%20'B2C%20PV'%7D&callback=jQuery19108431595589499921_1385969717498&_=1385969717499 HTTP/1.0" 200 5616
[02/Dec/2013 15:36:34] "GET /js/jigsaw.js HTTP/1.0" 304 0
[02/Dec/2013 15:36:34] "GET /js/jigsaw.dev.js HTTP/1.0" 304 0
[02/Dec/2013 15:36:35] "GET /ajax/map?id=main&type=map_pie&data={'data':%20[['%20',%20%20%20'%E9%9D%92%E6%B5%B7',%20%2029572,%20%20'%E6%B1%9F%E8%8B%8F',%20%20348086,%20%20'%E8%B4%B5%E5%B7%9E',%20%20185894,%20%20'%E5%8C%97%E4%BA%AC',%20%20328534,%20%20'%E5%B9%BF%E8%A5%BF',%20%20182291,%20%20'%E6%BE%B3%E9%97%A8',%20%20421,%20%20'%E5%B9%BF%E4%B8%9C',%20%20763951,%20%20'%E4%B8%8A%E6%B5%B7',%20%20195588,%20%20'%E6%B5%B7%E5%8D%97',%20%2064339,%20%20'%E7%94%98%E8%82%83',%20%2099982,%20%20'%E8%BE%BD%E5%AE%81',%20%20223607,%20%20'%E6%B1%9F%E8%A5%BF',%20%2081723,%20%20'%E5%AE%81%E5%A4%8F',%20%2045680,%20%20'%E7%A6%8F%E5%BB%BA',%20%20185433,%20%20'%E5%A4%A9%E6%B4%A5',%20%20157835,%20%20'%E6%B2%B3%E5%8C%97',%20%20271945,%20%20'%E5%B1%B1%E4%B8%9C',%20%20319590,%20%20'%E8%A5%BF%E8%97%8F',%20%202827,%20%20'%E5%90%89%E6%9E%97',%20%20109875,%20%20'%E9%BB%91%E9%BE%99%E6%B1%9F',%20%20149524,%20%20'%E6%B9%96%E5%8D%97',%20%20256302,%20%20'%E5%8F%B0%E6%B9%BE',%20%20724,%20%20'%E5%86%85%E8%92%99%E5%8F%A4',%20%20173437,%20%20'%E5%AE%89%E5%BE%BD',%20%20143577,%20%20'%E9%99%95%E8%A5%BF',%20%20284884,%20%20'%E5%B1%B1%E8%A5%BF',%20%20233803,%20%20'%E6%96%B0%E7%96%86',%20%20124961,%20%20'%E5%9B%9B%E5%B7%9D',%20%20396376,%20%20'%E9%87%8D%E5%BA%86',%20%20141244,%20%20'%E6%B9%96%E5%8C%97',%20%20237914,%20%20'%E6%B2%B3%E5%8D%97',%20%20240440,%20%20'%E6%B5%99%E6%B1%9F',%20%20167391,%20%20'%E4%BA%91%E5%8D%97',%20%20213461,],%20],'hinge':%20['%E4%B8%8A%E6%B5%B7','%E5%8C%97%E4%BA%AC','%E5%9B%9B%E5%B7%9D','%E5%B9%BF%E4%B8%9C'],'title':%20'B2C%20PV'}&callback=jQuery19107644935690332204_1385969778499&_=1385969778500 HTTP/1.0" 301 0
[02/Dec/2013 15:36:35] "GET /ajax/map/?id=main&type=map_pie&data=%7B'data':%20[['%20',%20%20%20'%E9%9D%92%E6%B5%B7',%20%2029572,%20%20'%E6%B1%9F%E8%8B%8F',%20%20348086,%20%20'%E8%B4%B5%E5%B7%9E',%20%20185894,%20%20'%E5%8C%97%E4%BA%AC',%20%20328534,%20%20'%E5%B9%BF%E8%A5%BF',%20%20182291,%20%20'%E6%BE%B3%E9%97%A8',%20%20421,%20%20'%E5%B9%BF%E4%B8%9C',%20%20763951,%20%20'%E4%B8%8A%E6%B5%B7',%20%20195588,%20%20'%E6%B5%B7%E5%8D%97',%20%2064339,%20%20'%E7%94%98%E8%82%83',%20%2099982,%20%20'%E8%BE%BD%E5%AE%81',%20%20223607,%20%20'%E6%B1%9F%E8%A5%BF',%20%2081723,%20%20'%E5%AE%81%E5%A4%8F',%20%2045680,%20%20'%E7%A6%8F%E5%BB%BA',%20%20185433,%20%20'%E5%A4%A9%E6%B4%A5',%20%20157835,%20%20'%E6%B2%B3%E5%8C%97',%20%20271945,%20%20'%E5%B1%B1%E4%B8%9C',%20%20319590,%20%20'%E8%A5%BF%E8%97%8F',%20%202827,%20%20'%E5%90%89%E6%9E%97',%20%20109875,%20%20'%E9%BB%91%E9%BE%99%E6%B1%9F',%20%20149524,%20%20'%E6%B9%96%E5%8D%97',%20%20256302,%20%20'%E5%8F%B0%E6%B9%BE',%20%20724,%20%20'%E5%86%85%E8%92%99%E5%8F%A4',%20%20173437,%20%20'%E5%AE%89%E5%BE%BD',%20%20143577,%20%20'%E9%99%95%E8%A5%BF',%20%20284884,%20%20'%E5%B1%B1%E8%A5%BF',%20%20233803,%20%20'%E6%96%B0%E7%96%86',%20%20124961,%20%20'%E5%9B%9B%E5%B7%9D',%20%20396376,%20%20'%E9%87%8D%E5%BA%86',%20%20141244,%20%20'%E6%B9%96%E5%8C%97',%20%20237914,%20%20'%E6%B2%B3%E5%8D%97',%20%20240440,%20%20'%E6%B5%99%E6%B1%9F',%20%20167391,%20%20'%E4%BA%91%E5%8D%97',%20%20213461,],%20],'hinge':%20['%E4%B8%8A%E6%B5%B7','%E5%8C%97%E4%BA%AC','%E5%9B%9B%E5%B7%9D','%E5%B9%BF%E4%B8%9C'],'title':%20'B2C%20PV'%7D&callback=jQuery19107644935690332204_1385969778499&_=1385969778500 HTTP/1.0" 200 5616
[02/Dec/2013 15:37:38] "GET /js/jigsaw.js HTTP/1.0" 304 0
[02/Dec/2013 15:37:38] "GET /js/jigsaw.dev.js HTTP/1.0" 304 0
[02/Dec/2013 15:37:39] "GET /ajax/map?id=main&type=map_pie&data={'data':%20[['%20',%20%20%20'%E9%9D%92%E6%B5%B7',%20%2029572,%20%20'%E6%B1%9F%E8%8B%8F',%20%20348086,%20%20'%E8%B4%B5%E5%B7%9E',%20%20185894,%20%20'%E5%8C%97%E4%BA%AC',%20%20328534,%20%20'%E5%B9%BF%E8%A5%BF',%20%20182291,%20%20'%E6%BE%B3%E9%97%A8',%20%20421,%20%20'%E5%B9%BF%E4%B8%9C',%20%20763951,%20%20'%E4%B8%8A%E6%B5%B7',%20%20195588,%20%20'%E6%B5%B7%E5%8D%97',%20%2064339,%20%20'%E7%94%98%E8%82%83',%20%2099982,%20%20'%E8%BE%BD%E5%AE%81',%20%20223607,%20%20'%E6%B1%9F%E8%A5%BF',%20%2081723,%20%20'%E5%AE%81%E5%A4%8F',%20%2045680,%20%20'%E7%A6%8F%E5%BB%BA',%20%20185433,%20%20'%E5%A4%A9%E6%B4%A5',%20%20157835,%20%20'%E6%B2%B3%E5%8C%97',%20%20271945,%20%20'%E5%B1%B1%E4%B8%9C',%20%20319590,%20%20'%E8%A5%BF%E8%97%8F',%20%202827,%20%20'%E5%90%89%E6%9E%97',%20%20109875,%20%20'%E9%BB%91%E9%BE%99%E6%B1%9F',%20%20149524,%20%20'%E6%B9%96%E5%8D%97',%20%20256302,%20%20'%E5%8F%B0%E6%B9%BE',%20%20724,%20%20'%E5%86%85%E8%92%99%E5%8F%A4',%20%20173437,%20%20'%E5%AE%89%E5%BE%BD',%20%20143577,%20%20'%E9%99%95%E8%A5%BF',%20%20284884,%20%20'%E5%B1%B1%E8%A5%BF',%20%20233803,%20%20'%E6%96%B0%E7%96%86',%20%20124961,%20%20'%E5%9B%9B%E5%B7%9D',%20%20396376,%20%20'%E9%87%8D%E5%BA%86',%20%20141244,%20%20'%E6%B9%96%E5%8C%97',%20%20237914,%20%20'%E6%B2%B3%E5%8D%97',%20%20240440,%20%20'%E6%B5%99%E6%B1%9F',%20%20167391,%20%20'%E4%BA%91%E5%8D%97',%20%20213461,],%20],'hinge':%20['%E4%B8%8A%E6%B5%B7','%E5%8C%97%E4%BA%AC','%E5%9B%9B%E5%B7%9D','%E5%B9%BF%E4%B8%9C'],'title':%20'B2C%20PV'}&callback=jQuery19109984195816796273_1385969842422&_=1385969842423 HTTP/1.0" 301 0
\xe8\xa5\xbf\xe8\x97\x8f', 2827, '\xe5\x90\x89\xe6\x9e\x97', 109875, '\xe9\xbb\x91\xe9\xbe\x99\xe6\xb1\x9f', 149524, '\xe6\xb9\x96\xe5\x8d\x97', 256302, '\xe5\x8f\xb0\xe6\xb9\xbe', 724, '\xe5\x86\x85\xe8\x92\x99\xe5\x8f\xa4', 173437, '\xe5\xae\x89\xe5\xbe\xbd', 143577, '\xe9\x99\x95\xe8\xa5\xbf', 284884, '\xe5\xb1\xb1\xe8\xa5\xbf', 233803, '\xe6\x96\xb0\xe7\x96\x86', 124961, '\xe5\x9b\x9b\xe5\xb7\x9d', 396376, '\xe9\x87\x8d\xe5\xba\x86', 141244, '\xe6\xb9\x96\xe5\x8c\x97', 237914, '\xe6\xb2\xb3\xe5\x8d\x97', 240440, '\xe6\xb5\x99\xe6\xb1\x9f', 167391, '\xe4\xba\x91\xe5\x8d\x97', 213461]], 'title': 'B2C PV'}
{'data': [[' ',   '青海',  29572,  '江苏',  348086,  '贵州',  185894,  '北京',  328534,  '广西',  182291,  '澳门',  421,  '广东',  763951,  '上海',  195588,  '海南',  64339,  '甘肃',  99982,  '辽宁',  223607,  '江西',  81723,  '宁夏',  45680,  '福建',  185433,  '天津',  157835,  '河北',  271945,  '山东',  319590,  '西藏',  2827,  '吉林',  109875,  '黑龙江',  149524,  '湖南',  256302,  '台湾',  724,  '内蒙古',  173437,  '安徽',  143577,  '陕西',  284884,  '山西',  233803,  '新疆',  124961,  '四川',  396376,  '重庆',  141244,  '湖北',  237914,  '河南',  240440,  '浙江',  167391,  '云南',  213461,], ],'hinge': ['上海','北京','四川','广东'],'title': 'B2C PV'}
{'hinge': ['\xe4\xb8\x8a\xe6\xb5\xb7', '\xe5\x8c\x97\xe4\xba\xac', '\xe5\x9b\x9b\xe5\xb7\x9d', '\xe5\xb9\xbf\xe4\xb8\x9c'], 'data': [[' ', '\xe9\x9d\x92\xe6\xb5\xb7', 29572, '\xe6\xb1\x9f\xe8\x8b\x8f', 348086, '\xe8\xb4\xb5\xe5\xb7\x9e', 185894, '\xe5\x8c\x97\xe4\xba\xac', 328534, '\xe5\xb9\xbf\xe8\xa5\xbf', 182291, '\xe6\xbe\xb3\xe9\x97\xa8', 421, '\xe5\xb9\xbf\xe4\xb8\x9c', 763951, '\xe4\xb8\x8a\xe6\xb5\xb7', 195588, '\xe6\xb5\xb7\xe5\x8d\x97', 64339, '\xe7\x94\x98\xe8\x82\x83', 99982, '\xe8\xbe\xbd\xe5\xae\x81', 223607, '\xe6\xb1\x9f\xe8\xa5\xbf', 81723, '\xe5\xae\x81\xe5\xa4\x8f', 45680, '\xe7\xa6\x8f\xe5\xbb\xba', 185433, '\xe5\xa4\xa9\xe6\xb4\xa5', 157835, '\xe6\xb2\xb3\xe5\x8c\x97', 271945, '\xe5\xb1\xb1\xe4\xb8\x9c', 319590, '\xe8\xa5\xbf\xe8\x97\x8f', 2827, '\xe5\x90\x89\xe6\x9e\x97', 109875, '\xe9\xbb\x91\xe9\xbe\x99\xe6\xb1\x9f', 149524, '\xe6\xb9\x96\xe5\x8d\x97', 256302, '\xe5\x8f\xb0\xe6\xb9\xbe', 724, '\xe5\x86\x85\xe8\x92\x99\xe5\x8f\xa4', 173437, '\xe5\xae\x89\xe5\xbe\xbd', 143577, '\xe9\x99\x95\xe8\xa5\xbf', 284884, '\xe5\xb1\xb1\xe8\xa5\xbf', 233803, '\xe6\x96\xb0\xe7\x96\x86', 124961, '\xe5\x9b\x9b\xe5\xb7\x9d', 396376, '\xe9\x87\x8d\xe5\xba\x86', 141244, '\xe6\xb9\x96\xe5\x8c\x97', 237914, '\xe6\xb2\xb3\xe5\x8d\x97', 240440, '\xe6\xb5\x99\xe6\xb1\x9f', 167391, '\xe4\xba\x91\xe5\x8d\x97', 213461]], 'title': 'B2C PV'}
{'data': [[' ',   '青海',  29572,  '江苏',  348086,  '贵州',  185894,  '北京',  328534,  '广西',  182291,  '澳门',  421,  '广东',  763951,  '上海',  195588,  '海南',  64339,  '甘肃',  99982,  '辽宁',  223607,  '江西',  81723,  '宁夏',  45680,  '福建',  185433,  '天津',  157835,  '河北',  271945,  '山东',  319590,  '西藏',  2827,  '吉林',  109875,  '黑龙江',  149524,  '湖南',  256302,  '台湾',  724,  '内蒙古',  173437,  '安徽',  143577,  '陕西',  284884,  '山西',  233803,  '新疆',  124961,  '四川',  396376,  '重庆',  141244,  '湖北',  237914,  '河南',  240440,  '浙江',  167391,  '云南',  213461,], ],'hinge': ['上海','北京','四川','广东'],'title': 'B2C PV'}
{'hinge': ['\xe4\xb8\x8a\xe6\xb5\xb7', '\xe5\x8c\x97\xe4\xba\xac', '\xe5\x9b\x9b\xe5\xb7\x9d', '\xe5\xb9\xbf\xe4\xb8\x9c'], 'data': [[' ', '\xe9\x9d\x92\xe6\xb5\xb7', 29572, '\xe6\xb1\x9f\xe8\x8b\x8f', 348086, '\xe8\xb4\xb5\xe5\xb7\x9e', 185894, '\xe5\x8c\x97\xe4\xba\xac', 328534, '\xe5\xb9\xbf\xe8\xa5\xbf', 182291, '\xe6\xbe\xb3\xe9\x97\xa8', 421, '\xe5\xb9\xbf\xe4\xb8\x9c', 763951, '\xe4\xb8\x8a\xe6\xb5\xb7', 195588, '\xe6\xb5\xb7\xe5\x8d\x97', 64339, '\xe7\x94\x98\xe8\x82\x83', 99982, '\xe8\xbe\xbd\xe5\xae\x81', 223607, '\xe6\xb1\x9f\xe8\xa5\xbf', 81723, '\xe5\xae\x81\xe5\xa4\x8f', 45680, '\xe7\xa6\x8f\xe5\xbb\xba', 185433, '\xe5\x[02/Dec/2013 15:37:39] "GET /ajax/map/?id=main&type=map_pie&data=%7B'data':%20[['%20',%20%20%20'%E9%9D%92%E6%B5%B7',%20%2029572,%20%20'%E6%B1%9F%E8%8B%8F',%20%20348086,%20%20'%E8%B4%B5%E5%B7%9E',%20%20185894,%20%20'%E5%8C%97%E4%BA%AC',%20%20328534,%20%20'%E5%B9%BF%E8%A5%BF',%20%20182291,%20%20'%E6%BE%B3%E9%97%A8',%20%20421,%20%20'%E5%B9%BF%E4%B8%9C',%20%20763951,%20%20'%E4%B8%8A%E6%B5%B7',%20%20195588,%20%20'%E6%B5%B7%E5%8D%97',%20%2064339,%20%20'%E7%94%98%E8%82%83',%20%2099982,%20%20'%E8%BE%BD%E5%AE%81',%20%20223607,%20%20'%E6%B1%9F%E8%A5%BF',%20%2081723,%20%20'%E5%AE%81%E5%A4%8F',%20%2045680,%20%20'%E7%A6%8F%E5%BB%BA',%20%20185433,%20%20'%E5%A4%A9%E6%B4%A5',%20%20157835,%20%20'%E6%B2%B3%E5%8C%97',%20%20271945,%20%20'%E5%B1%B1%E4%B8%9C',%20%20319590,%20%20'%E8%A5%BF%E8%97%8F',%20%202827,%20%20'%E5%90%89%E6%9E%97',%20%20109875,%20%20'%E9%BB%91%E9%BE%99%E6%B1%9F',%20%20149524,%20%20'%E6%B9%96%E5%8D%97',%20%20256302,%20%20'%E5%8F%B0%E6%B9%BE',%20%20724,%20%20'%E5%86%85%E8%92%99%E5%8F%A4',%20%20173437,%20%20'%E5%AE%89%E5%BE%BD',%20%20143577,%20%20'%E9%99%95%E8%A5%BF',%20%20284884,%20%20'%E5%B1%B1%E8%A5%BF',%20%20233803,%20%20'%E6%96%B0%E7%96%86',%20%20124961,%20%20'%E5%9B%9B%E5%B7%9D',%20%20396376,%20%20'%E9%87%8D%E5%BA%86',%20%20141244,%20%20'%E6%B9%96%E5%8C%97',%20%20237914,%20%20'%E6%B2%B3%E5%8D%97',%20%20240440,%20%20'%E6%B5%99%E6%B1%9F',%20%20167391,%20%20'%E4%BA%91%E5%8D%97',%20%20213461,],%20],'hinge':%20['%E4%B8%8A%E6%B5%B7','%E5%8C%97%E4%BA%AC','%E5%9B%9B%E5%B7%9D','%E5%B9%BF%E4%B8%9C'],'title':%20'B2C%20PV'%7D&callback=jQuery19109984195816796273_1385969842422&_=1385969842423 HTTP/1.0" 200 5616
[02/Dec/2013 15:38:40] "GET /js/jigsaw.js HTTP/1.0" 304 0
[02/Dec/2013 15:38:40] "GET /js/jigsaw.dev.js HTTP/1.0" 304 0
[02/Dec/2013 15:38:40] "GET /ajax/map?id=main&type=map_pie&data={'data':%20[['%20',%20%20%20'%E9%9D%92%E6%B5%B7',%20%2029572,%20%20'%E6%B1%9F%E8%8B%8F',%20%20348086,%20%20'%E8%B4%B5%E5%B7%9E',%20%20185894,%20%20'%E5%8C%97%E4%BA%AC',%20%20328534,%20%20'%E5%B9%BF%E8%A5%BF',%20%20182291,%20%20'%E6%BE%B3%E9%97%A8',%20%20421,%20%20'%E5%B9%BF%E4%B8%9C',%20%20763951,%20%20'%E4%B8%8A%E6%B5%B7',%20%20195588,%20%20'%E6%B5%B7%E5%8D%97',%20%2064339,%20%20'%E7%94%98%E8%82%83',%20%2099982,%20%20'%E8%BE%BD%E5%AE%81',%20%20223607,%20%20'%E6%B1%9F%E8%A5%BF',%20%2081723,%20%20'%E5%AE%81%E5%A4%8F',%20%2045680,%20%20'%E7%A6%8F%E5%BB%BA',%20%20185433,%20%20'%E5%A4%A9%E6%B4%A5',%20%20157835,%20%20'%E6%B2%B3%E5%8C%97',%20%20271945,%20%20'%E5%B1%B1%E4%B8%9C',%20%20319590,%20%20'%E8%A5%BF%E8%97%8F',%20%202827,%20%20'%E5%90%89%E6%9E%97',%20%20109875,%20%20'%E9%BB%91%E9%BE%99%E6%B1%9F',%20%20149524,%20%20'%E6%B9%96%E5%8D%97',%20%20256302,%20%20'%E5%8F%B0%E6%B9%BE',%20%20724,%20%20'%E5%86%85%E8%92%99%E5%8F%A4',%20%20173437,%20%20'%E5%AE%89%E5%BE%BD',%20%20143577,%20%20'%E9%99%95%E8%A5%BF',%20%20284884,%20%20'%E5%B1%B1%E8%A5%BF',%20%20233803,%20%20'%E6%96%B0%E7%96%86',%20%20124961,%20%20'%E5%9B%9B%E5%B7%9D',%20%20396376,%20%20'%E9%87%8D%E5%BA%86',%20%20141244,%20%20'%E6%B9%96%E5%8C%97',%20%20237914,%20%20'%E6%B2%B3%E5%8D%97',%20%20240440,%20%20'%E6%B5%99%E6%B1%9F',%20%20167391,%20%20'%E4%BA%91%E5%8D%97',%20%20213461,],%20],'hinge':%20['%E4%B8%8A%E6%B5%B7','%E5%8C%97%E4%BA%AC','%E5%9B%9B%E5%B7%9D','%E5%B9%BF%E4%B8%9C'],'title':%20'B2C%20PV'}&callback=jQuery19104869964059907943_1385969903842&_=1385969903843 HTTP/1.0" 301 0
[02/Dec/2013 15:38:40] "GET /ajax/map/?id=main&type=map_pie&data=%7B'data':%20[['%20',%20%20%20'%E9%9D%92%E6%B5%B7',%20%2029572,%20%20'%E6%B1%9F%E8%8B%8F',%20%20348086,%20%20'%E8%B4%B5%E5%B7%9E',%20%20185894,%20%20'%E5%8C%97%E4%BA%AC',%20%20328534,%20%20'%E5%B9%BF%E8%A5%BF',%20%20182291,%20%20'%E6%BE%B3%E9%97%A8',%20%20421,%20%20'%E5%B9%BF%E4%B8%9C',%20%20763951,%20%20'%E4%B8%8A%E6%B5%B7',%20%20195588,%20%20'%E6%B5%B7%E5%8D%97',%20%2064339,%20%20'%E7%94%98%E8%82%83',%20%2099982,%20%20'%E8%BE%BD%E5%AE%81',%20%20223607,%20%20'%E6%B1%9F%E8%A5%BF',%20%2081723,%20%20'%E5%AE%81%E5%A4%8F',%20%2045680,%20%20'%E7%A6%8F%E5%BB%BA',%20%20185433,%20%20'%E5%A4%A9%E6%B4%A5',%20%20157835,%20%20'%E6%B2%B3%E5%8C%97',%20%20271945,%20%20'%E5%B1%B1%E4%B8%9C',%20%20319590,%20%20'%E8%A5%BF%E8%97%8F',%20%202827,%20%20'%E5%90%89%E6%9E%97',%20%20109875,%20%20'%E9%BB%91%E9%BE%99%E6%B1%9F',%20%20149524,%20%20'%E6%B9%96%E5%8D%97',%20%20256302,%20%20'%E5%8F%B0%E6%B9%BE',%20%20724,%20%20'%E5%86%85%E8%92%99%E5%8F%A4',%20%20173437,%20%20'%E5%AE%89%E5%BE%BD',%20%20143577,%20%20'%E9%99%95%E8%A5%BF',%20%20284884,%20%20'%E5%B1%B1%E8%A5%BF',%20%20233803,%20%20'%E6%96%B0%E7%96%86',%20%20124961,%20%20'%E5%9B%9B%E5%B7%9D',%20%20396376,%20%20'%E9%87%8D%E5%BA%86',%20%20141244,%20%20'%E6%B9%96%E5%8C%97',%20%20237914,%20%20'%E6%B2%B3%E5%8D%97',%20%20240440,%20%20'%E6%B5%99%E6%B1%9F',%20%20167391,%20%20'%E4%BA%91%E5%8D%97',%20%20213461,],%20],'hinge':%20['%E4%B8%8A%E6%B5%B7','%E5%8C%97%E4%BA%AC','%E5%9B%9B%E5%B7%9D','%E5%B9%BF%E4%B8%9C'],'title':%20'B2C%20PV'%7D&callback=jQuery19104869964059907943_1385969903842&_=1385969903843 HTTP/1.0" 200 5616
[02/Dec/2013 15:38:40] "GET /echarts/src/echarts.js HTTP/1.0" 304 0
[02/Dec/2013 15:38:40] "GET /echarts/src/chart/map.js HTTP/1.0" 304 0
[02/Dec/2013 15:38:40] "GET /zrender/src/tool/util.js HTTP/1.0" 304 0
[02/Dec/2013 15:38:40] "GET /zrender/src/tool/color.js HTTP/1.0" 304 0
[02/Dec/2013 15:38:40] "GET /echarts/src/component.js HTTP/1.0" 304 0
[02/Dec/2013 15:38:40] "GET /echarts/src/chart.js HTTP/1.0" 304 0
[02/Dec/2013 15:38:40] "GET /echarts/src/util/ecData.js HTTP/1.0" 304 0
[02/Dec/2013 15:38:40] "GET /echarts/src/component/polar.js HTTP/1.0" 304 0
[02/Dec/2013 15:38:40] "GET /echarts/src/component/dataView.js HTTP/1.0" 304 0
[02/Dec/2013 15:38:40] "GET /echarts/src/component/toolbox.js HTTP/1.0" 304 0
[02/Dec/2013 15:38:40] "GET /echarts/src/component/tooltip.js HTTP/1.0" 304 0
[02/Dec/2013 15:38:40] "GET /echarts/src/component/dataRange.js HTTP/1.0" 304 0
[02/Dec/2013 15:38:40] "GET /echarts/src/component/legend.js HTTP/1.0" 304 0
[02/Dec/2013 15:38:40] "GET /echarts/src/component/dataZoom.js HTTP/1.0" 304 0
[02/Dec/2013 15:38:40] "GET /echarts/src/component/grid.js HTTP/1.0" 304 0
[02/Dec/2013 15:38:40] "GET /echarts/src/component/valueAxis.js HTTP/1.0" 304 0
[02/Dec/2013 15:38:40] "GET /echarts/src/component/categoryAxis.js HTTP/1.0" 304 0
[02/Dec/2013 15:38:40] "GET /echarts/src/component/axis.js HTTP/1.0" 304 0
[02/Dec/2013 15:38:40] "GET /echarts/src/component/title.js HTTP/1.0" 304 0
[02/Dec/2013 15:38:40] "GET /echarts/src/chart/island.js HTTP/1.0" 304 0
[02/Dec/2013 15:38:40] "GET /echarts/src/util/shape/icon.js HTTP/1.0" 304 0
[02/Dec/2013 15:38:40] "GET /zrender/src/config.js HTTP/1.0" 304 0
[02/Dec/2013 15:38:40] "GET /zrender/src/tool/event.js HTTP/1.0" 304 0
[02/Dec/2013 15:38:40] "GET /zrender/src/zrender.js HTTP/1.0" 304 0
[02/Dec/2013 15:38:40] "GET /echarts/src/config.js HTTP/1.0" 304 0
[02/Dec/2013 15:38:40] "GET /echarts/src/util/mapData/textFixed.js HTTP/1.0" 304 0
[02/Dec/2013 15:38:40] "GET /echarts/src/util/mapData/params.js HTTP/1.0" 304 0
[02/Dec/2013 15:38:40] "GET /echarts/src/chart/calculableBase.js HTTP/1.0" 304 0
[02/Dec/2013 15:38:40] "GET /echarts/src/chart/pie.js HTTP/1.0" 304 0
[02/Dec/2013 15:38:40] "GET /echarts/src/component/base.js HTTP/1.0" 304 0
[02/Dec/2013 15:38:40] "GET /zrender/src/lib/excanvas.js HTTP/1.0" 304 0
[02/Dec/2013 15:38:40] "GET /zrender/src/tool/vector.js HTTP/1.0" 304 0
[02/Dec/2013 15:38:40] "GET /echarts/src/util/coordinates.js HTTP/1.0" 304 0
[02/Dec/2013 15:38:40] "GET /zrender/src/shape/base.js HTTP/1.0" 304 0
[02/Dec/2013 15:38:40] "GET /zrender/src/tool/area.js HTTP/1.0" 304 0
[02/Dec/2013 15:38:40] "GET /zrender/src/shape.js HTTP/1.0" 304 0
[02/Dec/2013 15:38:40] "GET /echarts/src/util/accMath.js HTTP/1.0" 304 0
[02/Dec/2013 15:38:40] "GET /zrender/src/tool/matrix.js HTTP/1.0" 304 0
[02/Dec/2013 15:38:40] "GET /zrender/src/tool/loadingEffect.js HTTP/1.0" 304 0
[02/Dec/2013 15:38:40] "GET /zrender/src/animation/animation.js HTTP/1.0" 304 0
[02/Dec/2013 15:38:40] "GET /zrender/src/shape/isogon.js HTTP/1.0" 304 0
[02/Dec/2013 15:38:40] "GET /zrender/src/shape/beziercurve.js HTTP/1.0" 304 0
[02/Dec/2013 15:38:40] "GET /zrender/src/shape/star.js HTTP/1.0" 304 0
[02/Dec/2013 15:38:40] "GET /zrender/src/shape/image.js HTTP/1.0" 304 0
[02/Dec/2013 15:38:40] "GET /zrender/src/shape/path.js HTTP/1.0" 304 0
[02/Dec/2013 15:38:40] "GET /zrender/src/shape/droplet.js HTTP/1.0" 304 0
[02/Dec/2013 15:38:41] "GET /zrender/src/shape/heart.js HTTP/1.0" 304 0
[02/Dec/2013 15:38:41] "GET /zrender/src/shape/text.js HTTP/1.0" 304 0
[02/Dec/2013 15:38:41] "GET /zrender/src/shape/sector.js HTTP/1.0" 304 0
[02/Dec/2013 15:38:41] "GET /zrender/src/shape/ring.js HTTP/1.0" 304 0
[02/Dec/2013 15:38:41] "GET /zrender/src/shape/rectangle.js HTTP/1.0" 304 0
[02/Dec/2013 15:38:41] "GET /zrender/src/shape/brokenLine.js HTTP/1.0" 304 0
[02/Dec/2013 15:38:41] "GET /zrender/src/shape/polygon.js HTTP/1.0" 304 0
[02/Dec/2013 15:38:41] "GET /zrender/src/shape/line.js HTTP/1.0" 304 0
[02/Dec/2013 15:38:41] "GET /zrender/src/shape/ellipse.js HTTP/1.0" 304 0
[02/Dec/2013 15:38:41] "GET /zrender/src/shape/circle.js HTTP/1.0" 304 0
[02/Dec/2013 15:38:41] "GET /zrender/src/tool/math.js HTTP/1.0" 304 0
[02/Dec/2013 15:38:41] "GET /zrender/src/animation/clip.js HTTP/1.0" 304 0
[02/Dec/2013 15:38:41] "GET /zrender/src/animation/easing.js HTTP/1.0" 304 0
[02/Dec/2013 15:39:40] "GET /js/jigsaw.js HTTP/1.0" 304 0
[02/Dec/2013 15:39:41] "GET /js/jigsaw.dev.js HTTP/1.0" 304 0
[02/Dec/2013 15:39:41] "GET /ajax/map?id=main&type=map_pie&data={'data':%20[['%20',%20%20%20'%E9%9D%92%E6%B5%B7',%20%2029572,%20%20'%E6%B1%9F%E8%8B%8F',%20%20348086,%20%20'%E8%B4%B5%E5%B7%9E',%20%20185894,%20%20'%E5%8C%97%E4%BA%AC',%20%20328534,%20%20'%E5%B9%BF%E8%A5%BF',%20%20182291,%20%20'%E6%BE%B3%E9%97%A8',%20%20421,%20%20'%E5%B9%BF%E4%B8%9C',%20%20763951,%20%20'%E4%B8%8A%E6%B5%B7',%20%20195588,%20%20'%E6%B5%B7%E5%8D%97',%20%2064339,%20%20'%E7%94%98%E8%82%83',%20%2099982,%20%20'%E8%BE%BD%E5%AE%81',%20%20223607,%20%20'%E6%B1%9F%E8%A5%BF',%20%2081723,%20%20'%E5%AE%81%E5%A4%8F',%20%2045680,%20%20'%E7%A6%8F%E5%BB%BA',%20%20185433,%20%20'%E5%A4%A9%E6%B4%A5',%20%20157835,%20%20'%E6%B2%B3%E5%8C%97',%20%20271945,%20%20'%E5%B1%B1%E4%B8%9C',%20%20319590,%20%20'%E8%A5%BF%E8%97%8F',%20%202827,%20%20'%E5%90%89%E6%9E%97',%20%20109875,%20%20'%E9%BB%91%E9%BE%99%E6%B1%9F',%20%20149524,%20%20'%E6%B9%96%E5%8D%97',%20%20256302,%20%20'%E5%8F%B0%E6%B9%BE',%20%20724,%20%20'%E5%86%85%E8%92%99%E5%8F%A4',%20%20173437,%20%20'%E5%AE%89%E5%BE%BD',%20%20143577,%20%20'%E9%99%95%E8%A5%BF',%20%20284884,%20%20'%E5%B1%B1%E8%A5%BF',%20%20233803,%20%20'%E6%96%B0%E7%96%86',%20%20124961,%20%20'%E5%9B%9B%E5%B7%9D',%20%20396376,%20%20'%E9%87%8D%E5%BA%86',%20%20141244,%20%20'%E6%B9%96%E5%8C%97',%20%20237914,%20%20'%E6%B2%B3%E5%8D%97',%20%20240440,%20%20'%E6%B5%99%E6%B1%9F',%20%20167391,%20%20'%E4%BA%91%E5%8D%97',%20%20213461,],%20],'hinge':%20['%E4%B8%8A%E6%B5%B7','%E5%8C%97%E4%BA%AC','%E5%9B%9B%E5%B7%9D','%E5%B9%BF%E4%B8%9C'],'title':%20'B2C%20PV'}&callback=jQuery19107987648374401033_1385969964781&_=1385969964782 HTTP/1.0" 301 0
a4\xa9\xe6\xb4\xa5', 157835, '\xe6\xb2\xb3\xe5\x8c\x97', 271945, '\xe5\xb1\xb1\xe4\xb8\x9c', 319590, '\xe8\xa5\xbf\xe8\x97\x8f', 2827, '\xe5\x90\x89\xe6\x9e\x97', 109875, '\xe9\xbb\x91\xe9\xbe\x99\xe6\xb1\x9f', 149524, '\xe6\xb9\x96\xe5\x8d\x97', 256302, '\xe5\x8f\xb0\xe6\xb9\xbe', 724, '\xe5\x86\x85\xe8\x92\x99\xe5\x8f\xa4', 173437, '\xe5\xae\x89\xe5\xbe\xbd', 143577, '\xe9\x99\x95\xe8\xa5\xbf', 284884, '\xe5\xb1\xb1\xe8\xa5\xbf', 233803, '\xe6\x96\xb0\xe7\x96\x86', 124961, '\xe5\x9b\x9b\xe5\xb7\x9d', 396376, '\xe9\x87\x8d\xe5\xba\x86', 141244, '\xe6\xb9\x96\xe5\x8c\x97', 237914, '\xe6\xb2\xb3\xe5\x8d\x97', 240440, '\xe6\xb5\x99\xe6\xb1\x9f', 167391, '\xe4\xba\x91\xe5\x8d\x97', 213461]], 'title': 'B2C PV'}
{'data': [[' ',   '青海',  29572,  '江苏',  348086,  '贵州',  185894,  '北京',  328534,  '广西',  182291,  '澳门',  421,  '广东',  763951,  '上海',  195588,  '海南',  64339,  '甘肃',  99982,  '辽宁',  223607,  '江西',  81723,  '宁夏',  45680,  '福建',  185433,  '天津',  157835,  '河北',  271945,  '山东',  319590,  '西藏',  2827,  '吉林',  109875,  '黑龙江',  149524,  '湖南',  256302,  '台湾',  724,  '内蒙古',  173437,  '安徽',  143577,  '陕西',  284884,  '山西',  233803,  '新疆',  124961,  '四川',  396376,  '重庆',  141244,  '湖北',  237914,  '河南',  240440,  '浙江',  167391,  '云南',  213461,], ],'hinge': ['上海','北京','四川','广东'],'title': 'B2C PV'}
{'hinge': ['\xe4\xb8\x8a\xe6\xb5\xb7', '\xe5\x8c\x97\xe4\xba\xac', '\xe5\x9b\x9b\xe5\xb7\x9d', '\xe5\xb9\xbf\xe4\xb8\x9c'], 'data': [[' ', '\xe9\x9d\x92\xe6\xb5\xb7', 29572, '\xe6\xb1\x9f\xe8\x8b\x8f', 348086, '\xe8\xb4\xb5\xe5\xb7\x9e', 185894, '\xe5\x8c\x97\xe4\xba\xac', 328534, '\xe5\xb9\xbf\xe8\xa5\xbf', 182291, '\xe6\xbe\xb3\xe9\x97\xa8', 421, '\xe5\xb9\xbf\xe4\xb8\x9c', 763951, '\xe4\xb8\x8a\xe6\xb5\xb7', 195588, '\xe6\xb5\xb7\xe5\x8d\x97', 64339, '\xe7\x94\x98\xe8\x82\x83', 99982, '\xe8\xbe\xbd\xe5\xae\x81', 223607, '\xe6\xb1\x9f\xe8\xa5\xbf', 81723, '\xe5\xae\x81\xe5\xa4\x8f', 45680, '\xe7\xa6\x8f\xe5\xbb\xba', 185433, '\xe5\xa4\xa9\xe6\xb4\xa5', 157835, '\xe6\xb2\xb3\xe5\x8c\x97', 271945, '\xe5\xb1\xb1\xe4\xb8\x9c', 319590, '\xe8\xa5\xbf\xe8\x97\x8f', 2827, '\xe5\x90\x89\xe6\x9e\x97', 109875, '\xe9\xbb\x91\xe9\xbe\x99\xe6\xb1\x9f', 149524, '\xe6\xb9\x96\xe5\x8d\x97', 256302, '\xe5\x8f\xb0\xe6\xb9\xbe', 724, '\xe5\x86\x85\xe8\x92\x99\xe5\x8f\xa4', 173437, '\xe5\xae\x89\xe5\xbe\xbd', 143577, '\xe9\x99\x95\xe8\xa5\xbf', 284884, '\xe5\xb1\xb1\xe8\xa5\xbf', 233803, '\xe6\x96\xb0\xe7\x96\x86', 124961, '\xe5\x9b\x9b\xe5\xb7\x9d', 396376, '\xe9\x87\x8d\xe5\xba\x86', 141244, '\xe6\xb9\x96\xe5\x8c\x97', 237914, '\xe6\xb2\xb3\xe5\x8d\x97', 240440, '\xe6\xb5\x99\xe6\xb1\x9f', 167391, '\xe4\xba\x91\xe5\x8d\x97', 213461]], 'title': 'B2C PV'}
{'data': [[' ',   '青海',  29572,  '江苏',  348086,  '贵州',  185894,  '北京',  328534,  '广西',  182291,  '澳门',  421,  '广东',  763951,  '上海',  195588,  '海南',  64339,  '甘肃',  99982,  '辽宁',  223607,  '江西',  81723,  '宁夏',  45680,  '福建',  185433,  '天津',  157835,  '河北',  271945,  '山东',  319590,  '西藏',  2827,  '吉林',  109875,  '黑龙江',  149524,  '湖南',  256302,  '台湾',  724,  '内蒙古',  173437,  '安徽',  143577,  '陕西',  284884,  '山西',  233803,  '新疆',  124961,  '四川',  396376,  '重庆',  141244,  '湖北',  237914,  '河南',  240440,  '浙江',  167391,  '云南',  213461,], ],'hinge': ['上海','北京','四川','广东'],'title': 'B2C PV'}
{'hinge': ['\xe4\xb8\x8a\xe6\xb5\xb7', '\xe5\x8c\x97\xe4\xba\xac', '\xe5\x9b\x9b\xe5\xb7\x9d', '\xe5\xb9\xbf\xe4\xb8\x9c'], 'data': [[' ', '\xe9\x9d\x92\xe6\xb5\xb7', 29572, '\xe6\xb1\x9f\xe8\x8b\x8f', 348086, '\xe8\xb4\xb5\xe5\xb7\x9e', 185894, '\xe5\x8c\x97\xe4\xba\xac', 328534, '\xe5\xb9\xbf\xe8\xa5\xbf', 182291, '\xe6\xbe\xb3\xe9\x97\xa8', 421, '\xe5\xb9\xbf\xe4\xb8\x9c', 763951, '\xe4\xb8\x8a\xe6\xb5\xb7', 195588, '\xe6\xb5\xb7\xe5\x8d\x97', 64339, '\xe7\x94\x98\xe8\x82\x83', 99982, '\xe8\xbe\xbd\xe5\xae\x81', 223607, '\xe6\xb1\x[02/Dec/2013 15:39:41] "GET /ajax/map/?id=main&type=map_pie&data=%7B'data':%20[['%20',%20%20%20'%E9%9D%92%E6%B5%B7',%20%2029572,%20%20'%E6%B1%9F%E8%8B%8F',%20%20348086,%20%20'%E8%B4%B5%E5%B7%9E',%20%20185894,%20%20'%E5%8C%97%E4%BA%AC',%20%20328534,%20%20'%E5%B9%BF%E8%A5%BF',%20%20182291,%20%20'%E6%BE%B3%E9%97%A8',%20%20421,%20%20'%E5%B9%BF%E4%B8%9C',%20%20763951,%20%20'%E4%B8%8A%E6%B5%B7',%20%20195588,%20%20'%E6%B5%B7%E5%8D%97',%20%2064339,%20%20'%E7%94%98%E8%82%83',%20%2099982,%20%20'%E8%BE%BD%E5%AE%81',%20%20223607,%20%20'%E6%B1%9F%E8%A5%BF',%20%2081723,%20%20'%E5%AE%81%E5%A4%8F',%20%2045680,%20%20'%E7%A6%8F%E5%BB%BA',%20%20185433,%20%20'%E5%A4%A9%E6%B4%A5',%20%20157835,%20%20'%E6%B2%B3%E5%8C%97',%20%20271945,%20%20'%E5%B1%B1%E4%B8%9C',%20%20319590,%20%20'%E8%A5%BF%E8%97%8F',%20%202827,%20%20'%E5%90%89%E6%9E%97',%20%20109875,%20%20'%E9%BB%91%E9%BE%99%E6%B1%9F',%20%20149524,%20%20'%E6%B9%96%E5%8D%97',%20%20256302,%20%20'%E5%8F%B0%E6%B9%BE',%20%20724,%20%20'%E5%86%85%E8%92%99%E5%8F%A4',%20%20173437,%20%20'%E5%AE%89%E5%BE%BD',%20%20143577,%20%20'%E9%99%95%E8%A5%BF',%20%20284884,%20%20'%E5%B1%B1%E8%A5%BF',%20%20233803,%20%20'%E6%96%B0%E7%96%86',%20%20124961,%20%20'%E5%9B%9B%E5%B7%9D',%20%20396376,%20%20'%E9%87%8D%E5%BA%86',%20%20141244,%20%20'%E6%B9%96%E5%8C%97',%20%20237914,%20%20'%E6%B2%B3%E5%8D%97',%20%20240440,%20%20'%E6%B5%99%E6%B1%9F',%20%20167391,%20%20'%E4%BA%91%E5%8D%97',%20%20213461,],%20],'hinge':%20['%E4%B8%8A%E6%B5%B7','%E5%8C%97%E4%BA%AC','%E5%9B%9B%E5%B7%9D','%E5%B9%BF%E4%B8%9C'],'title':%20'B2C%20PV'%7D&callback=jQuery19107987648374401033_1385969964781&_=1385969964782 HTTP/1.0" 200 5616
[02/Dec/2013 15:40:41] "GET /js/jigsaw.js HTTP/1.0" 304 0
[02/Dec/2013 15:40:41] "GET /js/jigsaw.dev.js HTTP/1.0" 304 0
[02/Dec/2013 15:40:42] "GET /ajax/map?id=main&type=map_pie&data={'data':%20[['%20',%20%20%20'%E9%9D%92%E6%B5%B7',%20%2029572,%20%20'%E6%B1%9F%E8%8B%8F',%20%20348086,%20%20'%E8%B4%B5%E5%B7%9E',%20%20185894,%20%20'%E5%8C%97%E4%BA%AC',%20%20328534,%20%20'%E5%B9%BF%E8%A5%BF',%20%20182291,%20%20'%E6%BE%B3%E9%97%A8',%20%20421,%20%20'%E5%B9%BF%E4%B8%9C',%20%20763951,%20%20'%E4%B8%8A%E6%B5%B7',%20%20195588,%20%20'%E6%B5%B7%E5%8D%97',%20%2064339,%20%20'%E7%94%98%E8%82%83',%20%2099982,%20%20'%E8%BE%BD%E5%AE%81',%20%20223607,%20%20'%E6%B1%9F%E8%A5%BF',%20%2081723,%20%20'%E5%AE%81%E5%A4%8F',%20%2045680,%20%20'%E7%A6%8F%E5%BB%BA',%20%20185433,%20%20'%E5%A4%A9%E6%B4%A5',%20%20157835,%20%20'%E6%B2%B3%E5%8C%97',%20%20271945,%20%20'%E5%B1%B1%E4%B8%9C',%20%20319590,%20%20'%E8%A5%BF%E8%97%8F',%20%202827,%20%20'%E5%90%89%E6%9E%97',%20%20109875,%20%20'%E9%BB%91%E9%BE%99%E6%B1%9F',%20%20149524,%20%20'%E6%B9%96%E5%8D%97',%20%20256302,%20%20'%E5%8F%B0%E6%B9%BE',%20%20724,%20%20'%E5%86%85%E8%92%99%E5%8F%A4',%20%20173437,%20%20'%E5%AE%89%E5%BE%BD',%20%20143577,%20%20'%E9%99%95%E8%A5%BF',%20%20284884,%20%20'%E5%B1%B1%E8%A5%BF',%20%20233803,%20%20'%E6%96%B0%E7%96%86',%20%20124961,%20%20'%E5%9B%9B%E5%B7%9D',%20%20396376,%20%20'%E9%87%8D%E5%BA%86',%20%20141244,%20%20'%E6%B9%96%E5%8C%97',%20%20237914,%20%20'%E6%B2%B3%E5%8D%97',%20%20240440,%20%20'%E6%B5%99%E6%B1%9F',%20%20167391,%20%20'%E4%BA%91%E5%8D%97',%20%20213461,],%20],'hinge':%20['%E4%B8%8A%E6%B5%B7','%E5%8C%97%E4%BA%AC','%E5%9B%9B%E5%B7%9D','%E5%B9%BF%E4%B8%9C'],'title':%20'B2C%20PV'}&callback=jQuery191037318951659835875_1385970025889&_=1385970025890 HTTP/1.0" 301 0
[02/Dec/2013 15:40:42] "GET /ajax/map/?id=main&type=map_pie&data=%7B'data':%20[['%20',%20%20%20'%E9%9D%92%E6%B5%B7',%20%2029572,%20%20'%E6%B1%9F%E8%8B%8F',%20%20348086,%20%20'%E8%B4%B5%E5%B7%9E',%20%20185894,%20%20'%E5%8C%97%E4%BA%AC',%20%20328534,%20%20'%E5%B9%BF%E8%A5%BF',%20%20182291,%20%20'%E6%BE%B3%E9%97%A8',%20%20421,%20%20'%E5%B9%BF%E4%B8%9C',%20%20763951,%20%20'%E4%B8%8A%E6%B5%B7',%20%20195588,%20%20'%E6%B5%B7%E5%8D%97',%20%2064339,%20%20'%E7%94%98%E8%82%83',%20%2099982,%20%20'%E8%BE%BD%E5%AE%81',%20%20223607,%20%20'%E6%B1%9F%E8%A5%BF',%20%2081723,%20%20'%E5%AE%81%E5%A4%8F',%20%2045680,%20%20'%E7%A6%8F%E5%BB%BA',%20%20185433,%20%20'%E5%A4%A9%E6%B4%A5',%20%20157835,%20%20'%E6%B2%B3%E5%8C%97',%20%20271945,%20%20'%E5%B1%B1%E4%B8%9C',%20%20319590,%20%20'%E8%A5%BF%E8%97%8F',%20%202827,%20%20'%E5%90%89%E6%9E%97',%20%20109875,%20%20'%E9%BB%91%E9%BE%99%E6%B1%9F',%20%20149524,%20%20'%E6%B9%96%E5%8D%97',%20%20256302,%20%20'%E5%8F%B0%E6%B9%BE',%20%20724,%20%20'%E5%86%85%E8%92%99%E5%8F%A4',%20%20173437,%20%20'%E5%AE%89%E5%BE%BD',%20%20143577,%20%20'%E9%99%95%E8%A5%BF',%20%20284884,%20%20'%E5%B1%B1%E8%A5%BF',%20%20233803,%20%20'%E6%96%B0%E7%96%86',%20%20124961,%20%20'%E5%9B%9B%E5%B7%9D',%20%20396376,%20%20'%E9%87%8D%E5%BA%86',%20%20141244,%20%20'%E6%B9%96%E5%8C%97',%20%20237914,%20%20'%E6%B2%B3%E5%8D%97',%20%20240440,%20%20'%E6%B5%99%E6%B1%9F',%20%20167391,%20%20'%E4%BA%91%E5%8D%97',%20%20213461,],%20],'hinge':%20['%E4%B8%8A%E6%B5%B7','%E5%8C%97%E4%BA%AC','%E5%9B%9B%E5%B7%9D','%E5%B9%BF%E4%B8%9C'],'title':%20'B2C%20PV'%7D&callback=jQuery191037318951659835875_1385970025889&_=1385970025890 HTTP/1.0" 200 5617
[02/Dec/2013 15:41:43] "GET /js/jigsaw.js HTTP/1.0" 304 0
[02/Dec/2013 15:41:43] "GET /js/jigsaw.dev.js HTTP/1.0" 304 0
[02/Dec/2013 15:41:43] "GET /ajax/map?id=main&type=map_pie&data={'data':%20[['%20',%20%20%20'%E9%9D%92%E6%B5%B7',%20%2029572,%20%20'%E6%B1%9F%E8%8B%8F',%20%20348086,%20%20'%E8%B4%B5%E5%B7%9E',%20%20185894,%20%20'%E5%8C%97%E4%BA%AC',%20%20328534,%20%20'%E5%B9%BF%E8%A5%BF',%20%20182291,%20%20'%E6%BE%B3%E9%97%A8',%20%20421,%20%20'%E5%B9%BF%E4%B8%9C',%20%20763951,%20%20'%E4%B8%8A%E6%B5%B7',%20%20195588,%20%20'%E6%B5%B7%E5%8D%97',%20%2064339,%20%20'%E7%94%98%E8%82%83',%20%2099982,%20%20'%E8%BE%BD%E5%AE%81',%20%20223607,%20%20'%E6%B1%9F%E8%A5%BF',%20%2081723,%20%20'%E5%AE%81%E5%A4%8F',%20%2045680,%20%20'%E7%A6%8F%E5%BB%BA',%20%20185433,%20%20'%E5%A4%A9%E6%B4%A5',%20%20157835,%20%20'%E6%B2%B3%E5%8C%97',%20%20271945,%20%20'%E5%B1%B1%E4%B8%9C',%20%20319590,%20%20'%E8%A5%BF%E8%97%8F',%20%202827,%20%20'%E5%90%89%E6%9E%97',%20%20109875,%20%20'%E9%BB%91%E9%BE%99%E6%B1%9F',%20%20149524,%20%20'%E6%B9%96%E5%8D%97',%20%20256302,%20%20'%E5%8F%B0%E6%B9%BE',%20%20724,%20%20'%E5%86%85%E8%92%99%E5%8F%A4',%20%20173437,%20%20'%E5%AE%89%E5%BE%BD',%20%20143577,%20%20'%E9%99%95%E8%A5%BF',%20%20284884,%20%20'%E5%B1%B1%E8%A5%BF',%20%20233803,%20%20'%E6%96%B0%E7%96%86',%20%20124961,%20%20'%E5%9B%9B%E5%B7%9D',%20%20396376,%20%20'%E9%87%8D%E5%BA%86',%20%20141244,%20%20'%E6%B9%96%E5%8C%97',%20%20237914,%20%20'%E6%B2%B3%E5%8D%97',%20%20240440,%20%20'%E6%B5%99%E6%B1%9F',%20%20167391,%20%20'%E4%BA%91%E5%8D%97',%20%20213461,],%20],'hinge':%20['%E4%B8%8A%E6%B5%B7','%E5%8C%97%E4%BA%AC','%E5%9B%9B%E5%B7%9D','%E5%B9%BF%E4%B8%9C'],'title':%20'B2C%20PV'}&callback=jQuery19109441429555881768_1385970087193&_=1385970087194 HTTP/1.0" 301 0
9f\xe8\xa5\xbf', 81723, '\xe5\xae\x81\xe5\xa4\x8f', 45680, '\xe7\xa6\x8f\xe5\xbb\xba', 185433, '\xe5\xa4\xa9\xe6\xb4\xa5', 157835, '\xe6\xb2\xb3\xe5\x8c\x97', 271945, '\xe5\xb1\xb1\xe4\xb8\x9c', 319590, '\xe8\xa5\xbf\xe8\x97\x8f', 2827, '\xe5\x90\x89\xe6\x9e\x97', 109875, '\xe9\xbb\x91\xe9\xbe\x99\xe6\xb1\x9f', 149524, '\xe6\xb9\x96\xe5\x8d\x97', 256302, '\xe5\x8f\xb0\xe6\xb9\xbe', 724, '\xe5\x86\x85\xe8\x92\x99\xe5\x8f\xa4', 173437, '\xe5\xae\x89\xe5\xbe\xbd', 143577, '\xe9\x99\x95\xe8\xa5\xbf', 284884, '\xe5\xb1\xb1\xe8\xa5\xbf', 233803, '\xe6\x96\xb0\xe7\x96\x86', 124961, '\xe5\x9b\x9b\xe5\xb7\x9d', 396376, '\xe9\x87\x8d\xe5\xba\x86', 141244, '\xe6\xb9\x96\xe5\x8c\x97', 237914, '\xe6\xb2\xb3\xe5\x8d\x97', 240440, '\xe6\xb5\x99\xe6\xb1\x9f', 167391, '\xe4\xba\x91\xe5\x8d\x97', 213461]], 'title': 'B2C PV'}
{'data': [[' ',   '青海',  29572,  '江苏',  348086,  '贵州',  185894,  '北京',  328534,  '广西',  182291,  '澳门',  421,  '广东',  763951,  '上海',  195588,  '海南',  64339,  '甘肃',  99982,  '辽宁',  223607,  '江西',  81723,  '宁夏',  45680,  '福建',  185433,  '天津',  157835,  '河北',  271945,  '山东',  319590,  '西藏',  2827,  '吉林',  109875,  '黑龙江',  149524,  '湖南',  256302,  '台湾',  724,  '内蒙古',  173437,  '安徽',  143577,  '陕西',  284884,  '山西',  233803,  '新疆',  124961,  '四川',  396376,  '重庆',  141244,  '湖北',  237914,  '河南',  240440,  '浙江',  167391,  '云南',  213461,], ],'hinge': ['上海','北京','四川','广东'],'title': 'B2C PV'}
{'hinge': ['\xe4\xb8\x8a\xe6\xb5\xb7', '\xe5\x8c\x97\xe4\xba\xac', '\xe5\x9b\x9b\xe5\xb7\x9d', '\xe5\xb9\xbf\xe4\xb8\x9c'], 'data': [[' ', '\xe9\x9d\x92\xe6\xb5\xb7', 29572, '\xe6\xb1\x9f\xe8\x8b\x8f', 348086, '\xe8\xb4\xb5\xe5\xb7\x9e', 185894, '\xe5\x8c\x97\xe4\xba\xac', 328534, '\xe5\xb9\xbf\xe8\xa5\xbf', 182291, '\xe6\xbe\xb3\xe9\x97\xa8', 421, '\xe5\xb9\xbf\xe4\xb8\x9c', 763951, '\xe4\xb8\x8a\xe6\xb5\xb7', 195588, '\xe6\xb5\xb7\xe5\x8d\x97', 64339, '\xe7\x94\x98\xe8\x82\x83', 99982, '\xe8\xbe\xbd\xe5\xae\x81', 223607, '\xe6\xb1\x9f\xe8\xa5\xbf', 81723, '\xe5\xae\x81\xe5\xa4\x8f', 45680, '\xe7\xa6\x8f\xe5\xbb\xba', 185433, '\xe5\xa4\xa9\xe6\xb4\xa5', 157835, '\xe6\xb2\xb3\xe5\x8c\x97', 271945, '\xe5\xb1\xb1\xe4\xb8\x9c', 319590, '\xe8\xa5\xbf\xe8\x97\x8f', 2827, '\xe5\x90\x89\xe6\x9e\x97', 109875, '\xe9\xbb\x91\xe9\xbe\x99\xe6\xb1\x9f', 149524, '\xe6\xb9\x96\xe5\x8d\x97', 256302, '\xe5\x8f\xb0\xe6\xb9\xbe', 724, '\xe5\x86\x85\xe8\x92\x99\xe5\x8f\xa4', 173437, '\xe5\xae\x89\xe5\xbe\xbd', 143577, '\xe9\x99\x95\xe8\xa5\xbf', 284884, '\xe5\xb1\xb1\xe8\xa5\xbf', 233803, '\xe6\x96\xb0\xe7\x96\x86', 124961, '\xe5\x9b\x9b\xe5\xb7\x9d', 396376, '\xe9\x87\x8d\xe5\xba\x86', 141244, '\xe6\xb9\x96\xe5\x8c\x97', 237914, '\xe6\xb2\xb3\xe5\x8d\x97', 240440, '\xe6\xb5\x99\xe6\xb1\x9f', 167391, '\xe4\xba\x91\xe5\x8d\x97', 213461]], 'title': 'B2C PV'}
{'data': [[' ',   '青海',  29572,  '江苏',  348086,  '贵州',  185894,  '北京',  328534,  '广西',  182291,  '澳门',  421,  '广东',  763951,  '上海',  195588,  '海南',  64339,  '甘肃',  99982,  '辽宁',  223607,  '江西',  81723,  '宁夏',  45680,  '福建',  185433,  '天津',  157835,  '河北',  271945,  '山东',  319590,  '西藏',  2827,  '吉林',  109875,  '黑龙江',  149524,  '湖南',  256302,  '台湾',  724,  '内蒙古',  173437,  '安徽',  143577,  '陕西',  284884,  '山西',  233803,  '新疆',  124961,  '四川',  396376,  '重庆',  141244,  '湖北',  237914,  '河南',  240440,  '浙江',  167391,  '云南',  213461,], ],'hinge': ['上海','北京','四川','广东'],'title': 'B2C PV'}
{'hinge': ['\xe4\xb8\x8a\xe6\xb5\xb7', '\xe5\x8c\x97\xe4\xba\xac', '\xe5\x9b\x9b\xe5\xb7\x9d', '\xe5\xb9\xbf\xe4\xb8\x9c'], 'data': [[' ', '\xe9\x9d\x92\xe6\xb5\xb7', 29572, '\xe6\xb1\x9f\xe8\x8b\x8f', 348086, '\xe8\xb4\xb5\xe5\xb7\x9e', 185894, '\xe5\x8c\x97\xe4\xba\xac', 328534, '\xe5\xb9\xbf\xe8\xa5\xbf', 182291, '\xe6\xbe\xb3\xe9\x97\xa8', 421, '\xe5\xb9\xbf\xe4\xb8\x9c', 763951, '\xe4\xb8\x8a\xe6\xb5\xb7', 195588, '\xe6\xb5\xb7\x[02/Dec/2013 15:41:43] "GET /ajax/map/?id=main&type=map_pie&data=%7B'data':%20[['%20',%20%20%20'%E9%9D%92%E6%B5%B7',%20%2029572,%20%20'%E6%B1%9F%E8%8B%8F',%20%20348086,%20%20'%E8%B4%B5%E5%B7%9E',%20%20185894,%20%20'%E5%8C%97%E4%BA%AC',%20%20328534,%20%20'%E5%B9%BF%E8%A5%BF',%20%20182291,%20%20'%E6%BE%B3%E9%97%A8',%20%20421,%20%20'%E5%B9%BF%E4%B8%9C',%20%20763951,%20%20'%E4%B8%8A%E6%B5%B7',%20%20195588,%20%20'%E6%B5%B7%E5%8D%97',%20%2064339,%20%20'%E7%94%98%E8%82%83',%20%2099982,%20%20'%E8%BE%BD%E5%AE%81',%20%20223607,%20%20'%E6%B1%9F%E8%A5%BF',%20%2081723,%20%20'%E5%AE%81%E5%A4%8F',%20%2045680,%20%20'%E7%A6%8F%E5%BB%BA',%20%20185433,%20%20'%E5%A4%A9%E6%B4%A5',%20%20157835,%20%20'%E6%B2%B3%E5%8C%97',%20%20271945,%20%20'%E5%B1%B1%E4%B8%9C',%20%20319590,%20%20'%E8%A5%BF%E8%97%8F',%20%202827,%20%20'%E5%90%89%E6%9E%97',%20%20109875,%20%20'%E9%BB%91%E9%BE%99%E6%B1%9F',%20%20149524,%20%20'%E6%B9%96%E5%8D%97',%20%20256302,%20%20'%E5%8F%B0%E6%B9%BE',%20%20724,%20%20'%E5%86%85%E8%92%99%E5%8F%A4',%20%20173437,%20%20'%E5%AE%89%E5%BE%BD',%20%20143577,%20%20'%E9%99%95%E8%A5%BF',%20%20284884,%20%20'%E5%B1%B1%E8%A5%BF',%20%20233803,%20%20'%E6%96%B0%E7%96%86',%20%20124961,%20%20'%E5%9B%9B%E5%B7%9D',%20%20396376,%20%20'%E9%87%8D%E5%BA%86',%20%20141244,%20%20'%E6%B9%96%E5%8C%97',%20%20237914,%20%20'%E6%B2%B3%E5%8D%97',%20%20240440,%20%20'%E6%B5%99%E6%B1%9F',%20%20167391,%20%20'%E4%BA%91%E5%8D%97',%20%20213461,],%20],'hinge':%20['%E4%B8%8A%E6%B5%B7','%E5%8C%97%E4%BA%AC','%E5%9B%9B%E5%B7%9D','%E5%B9%BF%E4%B8%9C'],'title':%20'B2C%20PV'%7D&callback=jQuery19109441429555881768_1385970087193&_=1385970087194 HTTP/1.0" 200 5616
[02/Dec/2013 15:42:45] "GET /js/jigsaw.js HTTP/1.0" 304 0
[02/Dec/2013 15:42:45] "GET /js/jigsaw.dev.js HTTP/1.0" 304 0
[02/Dec/2013 15:42:45] "GET /ajax/map?id=main&type=map_pie&data={'data':%20[['%20',%20%20%20'%E9%9D%92%E6%B5%B7',%20%2029572,%20%20'%E6%B1%9F%E8%8B%8F',%20%20348086,%20%20'%E8%B4%B5%E5%B7%9E',%20%20185894,%20%20'%E5%8C%97%E4%BA%AC',%20%20328534,%20%20'%E5%B9%BF%E8%A5%BF',%20%20182291,%20%20'%E6%BE%B3%E9%97%A8',%20%20421,%20%20'%E5%B9%BF%E4%B8%9C',%20%20763951,%20%20'%E4%B8%8A%E6%B5%B7',%20%20195588,%20%20'%E6%B5%B7%E5%8D%97',%20%2064339,%20%20'%E7%94%98%E8%82%83',%20%2099982,%20%20'%E8%BE%BD%E5%AE%81',%20%20223607,%20%20'%E6%B1%9F%E8%A5%BF',%20%2081723,%20%20'%E5%AE%81%E5%A4%8F',%20%2045680,%20%20'%E7%A6%8F%E5%BB%BA',%20%20185433,%20%20'%E5%A4%A9%E6%B4%A5',%20%20157835,%20%20'%E6%B2%B3%E5%8C%97',%20%20271945,%20%20'%E5%B1%B1%E4%B8%9C',%20%20319590,%20%20'%E8%A5%BF%E8%97%8F',%20%202827,%20%20'%E5%90%89%E6%9E%97',%20%20109875,%20%20'%E9%BB%91%E9%BE%99%E6%B1%9F',%20%20149524,%20%20'%E6%B9%96%E5%8D%97',%20%20256302,%20%20'%E5%8F%B0%E6%B9%BE',%20%20724,%20%20'%E5%86%85%E8%92%99%E5%8F%A4',%20%20173437,%20%20'%E5%AE%89%E5%BE%BD',%20%20143577,%20%20'%E9%99%95%E8%A5%BF',%20%20284884,%20%20'%E5%B1%B1%E8%A5%BF',%20%20233803,%20%20'%E6%96%B0%E7%96%86',%20%20124961,%20%20'%E5%9B%9B%E5%B7%9D',%20%20396376,%20%20'%E9%87%8D%E5%BA%86',%20%20141244,%20%20'%E6%B9%96%E5%8C%97',%20%20237914,%20%20'%E6%B2%B3%E5%8D%97',%20%20240440,%20%20'%E6%B5%99%E6%B1%9F',%20%20167391,%20%20'%E4%BA%91%E5%8D%97',%20%20213461,],%20],'hinge':%20['%E4%B8%8A%E6%B5%B7','%E5%8C%97%E4%BA%AC','%E5%9B%9B%E5%B7%9D','%E5%B9%BF%E4%B8%9C'],'title':%20'B2C%20PV'}&callback=jQuery191010520749888382852_1385970149187&_=1385970149188 HTTP/1.0" 301 0
[02/Dec/2013 15:42:45] "GET /ajax/map/?id=main&type=map_pie&data=%7B'data':%20[['%20',%20%20%20'%E9%9D%92%E6%B5%B7',%20%2029572,%20%20'%E6%B1%9F%E8%8B%8F',%20%20348086,%20%20'%E8%B4%B5%E5%B7%9E',%20%20185894,%20%20'%E5%8C%97%E4%BA%AC',%20%20328534,%20%20'%E5%B9%BF%E8%A5%BF',%20%20182291,%20%20'%E6%BE%B3%E9%97%A8',%20%20421,%20%20'%E5%B9%BF%E4%B8%9C',%20%20763951,%20%20'%E4%B8%8A%E6%B5%B7',%20%20195588,%20%20'%E6%B5%B7%E5%8D%97',%20%2064339,%20%20'%E7%94%98%E8%82%83',%20%2099982,%20%20'%E8%BE%BD%E5%AE%81',%20%20223607,%20%20'%E6%B1%9F%E8%A5%BF',%20%2081723,%20%20'%E5%AE%81%E5%A4%8F',%20%2045680,%20%20'%E7%A6%8F%E5%BB%BA',%20%20185433,%20%20'%E5%A4%A9%E6%B4%A5',%20%20157835,%20%20'%E6%B2%B3%E5%8C%97',%20%20271945,%20%20'%E5%B1%B1%E4%B8%9C',%20%20319590,%20%20'%E8%A5%BF%E8%97%8F',%20%202827,%20%20'%E5%90%89%E6%9E%97',%20%20109875,%20%20'%E9%BB%91%E9%BE%99%E6%B1%9F',%20%20149524,%20%20'%E6%B9%96%E5%8D%97',%20%20256302,%20%20'%E5%8F%B0%E6%B9%BE',%20%20724,%20%20'%E5%86%85%E8%92%99%E5%8F%A4',%20%20173437,%20%20'%E5%AE%89%E5%BE%BD',%20%20143577,%20%20'%E9%99%95%E8%A5%BF',%20%20284884,%20%20'%E5%B1%B1%E8%A5%BF',%20%20233803,%20%20'%E6%96%B0%E7%96%86',%20%20124961,%20%20'%E5%9B%9B%E5%B7%9D',%20%20396376,%20%20'%E9%87%8D%E5%BA%86',%20%20141244,%20%20'%E6%B9%96%E5%8C%97',%20%20237914,%20%20'%E6%B2%B3%E5%8D%97',%20%20240440,%20%20'%E6%B5%99%E6%B1%9F',%20%20167391,%20%20'%E4%BA%91%E5%8D%97',%20%20213461,],%20],'hinge':%20['%E4%B8%8A%E6%B5%B7','%E5%8C%97%E4%BA%AC','%E5%9B%9B%E5%B7%9D','%E5%B9%BF%E4%B8%9C'],'title':%20'B2C%20PV'%7D&callback=jQuery191010520749888382852_1385970149187&_=1385970149188 HTTP/1.0" 200 5617
